{"label":"Spare Spart api logs","level":"debug","message":"Spare Part Database Service: Running in development mode and listening on port http://:9006"}
{"label":"Spare Spart api logs","level":"info","message":"Success"}
{"content_length":"1749","label":"Spare Spart api logs","level":"http","message":"incoming-api-request","method":"POST","response_time":5834.581,"status":200,"url":"/spdatbaseservice/api/v1/user/login"}
{"label":"Spare Spart api logs","level":"info","message":"Success"}
{"content_length":"402","label":"Spare Spart api logs","level":"http","message":"incoming-api-request","method":"GET","response_time":1487.118,"status":200,"url":"/spdatbaseservice/api/v1/user/by-id/4298e2e3-4215-4884-9bb1-3fc7d9695e49"}
{"label":"Spare Spart api logs","level":"info","message":"Success"}
{"content_length":"3607","label":"Spare Spart api logs","level":"http","message":"incoming-api-request","method":"GET","response_time":5119.629,"status":200,"url":"/spdatbaseservice/api/v1/cart/full-user-carts/4298e2e3-4215-4884-9bb1-3fc7d9695e49"}
{"label":"Spare Spart api logs","level":"info","message":"Success"}
{"content_length":"381","label":"Spare Spart api logs","level":"http","message":"incoming-api-request","method":"GET","response_time":1737.934,"status":200,"url":"/spdatbaseservice/api/v1/service-charge/details-by-charge-type/SERVICE_CHARGE"}
{"label":"Spare Spart api logs","level":"info","message":"Success"}
{"content_length":"373","label":"Spare Spart api logs","level":"http","message":"incoming-api-request","method":"GET","response_time":1513.48,"status":200,"url":"/spdatbaseservice/api/v1/service-charge/details-by-charge-type/DELIVERY_CHARGE"}
{"label":"Spare Spart api logs","level":"info","message":"Success"}
{"content_length":"360","label":"Spare Spart api logs","level":"http","message":"incoming-api-request","method":"GET","response_time":1438.781,"status":200,"url":"/spdatbaseservice/api/v1/service-charge/details-by-charge-type/TAX"}
{"label":"Spare Spart api logs","level":"info","message":"Success"}
{"content_length":"402","label":"Spare Spart api logs","level":"http","message":"incoming-api-request","method":"GET","response_time":1444.521,"status":200,"url":"/spdatbaseservice/api/v1/user/by-id/4298e2e3-4215-4884-9bb1-3fc7d9695e49"}
{"label":"Spare Spart api logs","level":"info","message":"Success"}
{"content_length":"3607","label":"Spare Spart api logs","level":"http","message":"incoming-api-request","method":"GET","response_time":5117.547,"status":200,"url":"/spdatbaseservice/api/v1/cart/full-user-carts/4298e2e3-4215-4884-9bb1-3fc7d9695e49"}
{"label":"Spare Spart api logs","level":"info","message":"Success"}
{"content_length":"402","label":"Spare Spart api logs","level":"http","message":"incoming-api-request","method":"GET","response_time":1429.897,"status":200,"url":"/spdatbaseservice/api/v1/user/by-id/4298e2e3-4215-4884-9bb1-3fc7d9695e49"}
{"label":"Spare Spart api logs","level":"info","message":"Success"}
{"content_length":"36207","label":"Spare Spart api logs","level":"http","message":"incoming-api-request","method":"GET","response_time":4227.742,"status":200,"url":"/spdatbaseservice/api/v1/order-request/user-active-requests/4298e2e3-4215-4884-9bb1-3fc7d9695e49"}
{"label":"Spare Spart api logs","level":"info","message":"Success"}
{"content_length":"402","label":"Spare Spart api logs","level":"http","message":"incoming-api-request","method":"GET","response_time":1727.676,"status":200,"url":"/spdatbaseservice/api/v1/user/by-id/4298e2e3-4215-4884-9bb1-3fc7d9695e49"}
{"label":"Spare Spart api logs","level":"info","message":"Success"}
{"content_length":"489","label":"Spare Spart api logs","level":"http","message":"incoming-api-request","method":"GET","response_time":1464.314,"status":200,"url":"/spdatbaseservice/api/v1/bidding/details/22a91cbd-25c2-46d1-9044-7047646ceb02"}
{"label":"Spare Spart api logs","level":"info","message":"Success"}
{"content_length":"249","label":"Spare Spart api logs","level":"http","message":"incoming-api-request","method":"POST","response_time":1561.112,"status":200,"url":"/spdatbaseservice/api/v1/cart/add"}
{"label":"Spare Spart api logs","level":"info","message":"Success"}
{"content_length":"402","label":"Spare Spart api logs","level":"http","message":"incoming-api-request","method":"GET","response_time":1638.068,"status":200,"url":"/spdatbaseservice/api/v1/user/by-id/4298e2e3-4215-4884-9bb1-3fc7d9695e49"}
{"label":"Spare Spart api logs","level":"info","message":"Success"}
{"content_length":"8454","label":"Spare Spart api logs","level":"http","message":"incoming-api-request","method":"GET","response_time":5295.662,"status":200,"url":"/spdatbaseservice/api/v1/cart/full-user-carts/4298e2e3-4215-4884-9bb1-3fc7d9695e49"}
{"label":"Spare Spart api logs","level":"info","message":"Success"}
{"content_length":"402","label":"Spare Spart api logs","level":"http","message":"incoming-api-request","method":"GET","response_time":1450.588,"status":200,"url":"/spdatbaseservice/api/v1/user/by-id/4298e2e3-4215-4884-9bb1-3fc7d9695e49"}
{"label":"Spare Spart api logs","level":"info","message":"Success"}
{"content_length":"8454","label":"Spare Spart api logs","level":"http","message":"incoming-api-request","method":"GET","response_time":5418.599,"status":200,"url":"/spdatbaseservice/api/v1/cart/full-user-carts/4298e2e3-4215-4884-9bb1-3fc7d9695e49"}
{"label":"Spare Spart api logs","level":"info","message":"Success"}
{"content_length":"381","label":"Spare Spart api logs","level":"http","message":"incoming-api-request","method":"GET","response_time":1610.579,"status":200,"url":"/spdatbaseservice/api/v1/service-charge/details-by-charge-type/SERVICE_CHARGE"}
{"label":"Spare Spart api logs","level":"info","message":"Success"}
{"content_length":"373","label":"Spare Spart api logs","level":"http","message":"incoming-api-request","method":"GET","response_time":1431.281,"status":200,"url":"/spdatbaseservice/api/v1/service-charge/details-by-charge-type/DELIVERY_CHARGE"}
{"label":"Spare Spart api logs","level":"info","message":"Success"}
{"content_length":"360","label":"Spare Spart api logs","level":"http","message":"incoming-api-request","method":"GET","response_time":1440.769,"status":200,"url":"/spdatbaseservice/api/v1/service-charge/details-by-charge-type/TAX"}
{"label":"Spare Spart api logs","level":"info","message":"Success"}
{"content_length":"402","label":"Spare Spart api logs","level":"http","message":"incoming-api-request","method":"GET","response_time":2271.282,"status":200,"url":"/spdatbaseservice/api/v1/user/by-id/4298e2e3-4215-4884-9bb1-3fc7d9695e49"}
{"label":"Spare Spart api logs","level":"info","message":"Success"}
{"content_length":"8454","label":"Spare Spart api logs","level":"http","message":"incoming-api-request","method":"GET","response_time":5891.132,"status":200,"url":"/spdatbaseservice/api/v1/cart/full-user-carts/4298e2e3-4215-4884-9bb1-3fc7d9695e49"}
{"label":"Spare Spart api logs","level":"info","message":"Success"}
{"content_length":"381","label":"Spare Spart api logs","level":"http","message":"incoming-api-request","method":"GET","response_time":1631.294,"status":200,"url":"/spdatbaseservice/api/v1/service-charge/details-by-charge-type/SERVICE_CHARGE"}
{"label":"Spare Spart api logs","level":"info","message":"Success"}
{"content_length":"373","label":"Spare Spart api logs","level":"http","message":"incoming-api-request","method":"GET","response_time":1595.705,"status":200,"url":"/spdatbaseservice/api/v1/service-charge/details-by-charge-type/DELIVERY_CHARGE"}
{"label":"Spare Spart api logs","level":"info","message":"Success"}
{"content_length":"360","label":"Spare Spart api logs","level":"http","message":"incoming-api-request","method":"GET","response_time":1617.257,"status":200,"url":"/spdatbaseservice/api/v1/service-charge/details-by-charge-type/TAX"}
{"label":"Spare Spart api logs","level":"info","message":"Success"}
{"content_length":"402","label":"Spare Spart api logs","level":"http","message":"incoming-api-request","method":"GET","response_time":1636.416,"status":200,"url":"/spdatbaseservice/api/v1/user/by-id/4298e2e3-4215-4884-9bb1-3fc7d9695e49"}
{"label":"Spare Spart api logs","level":"info","message":"Success"}
{"content_length":"8454","label":"Spare Spart api logs","level":"http","message":"incoming-api-request","method":"GET","response_time":6019.024,"status":200,"url":"/spdatbaseservice/api/v1/cart/full-user-carts/4298e2e3-4215-4884-9bb1-3fc7d9695e49"}
{"label":"Spare Spart api logs","level":"info","message":"Success"}
{"content_length":"381","label":"Spare Spart api logs","level":"http","message":"incoming-api-request","method":"GET","response_time":1714.208,"status":200,"url":"/spdatbaseservice/api/v1/service-charge/details-by-charge-type/SERVICE_CHARGE"}
{"label":"Spare Spart api logs","level":"info","message":"Success"}
{"content_length":"373","label":"Spare Spart api logs","level":"http","message":"incoming-api-request","method":"GET","response_time":1605.183,"status":200,"url":"/spdatbaseservice/api/v1/service-charge/details-by-charge-type/DELIVERY_CHARGE"}
{"label":"Spare Spart api logs","level":"info","message":"Success"}
{"content_length":"360","label":"Spare Spart api logs","level":"http","message":"incoming-api-request","method":"GET","response_time":1704.814,"status":200,"url":"/spdatbaseservice/api/v1/service-charge/details-by-charge-type/TAX"}
{"label":"Spare Spart api logs","level":"info","message":"Success"}
{"content_length":"402","label":"Spare Spart api logs","level":"http","message":"incoming-api-request","method":"GET","response_time":1766.673,"status":200,"url":"/spdatbaseservice/api/v1/user/by-id/4298e2e3-4215-4884-9bb1-3fc7d9695e49"}
{"label":"Spare Spart api logs","level":"info","message":"Success"}
{"content_length":"8454","label":"Spare Spart api logs","level":"http","message":"incoming-api-request","method":"GET","response_time":5763.477,"status":200,"url":"/spdatbaseservice/api/v1/cart/full-user-carts/4298e2e3-4215-4884-9bb1-3fc7d9695e49"}
{"label":"Spare Spart api logs","level":"info","message":"Success"}
{"content_length":"381","label":"Spare Spart api logs","level":"http","message":"incoming-api-request","method":"GET","response_time":1609.228,"status":200,"url":"/spdatbaseservice/api/v1/service-charge/details-by-charge-type/SERVICE_CHARGE"}
{"label":"Spare Spart api logs","level":"info","message":"Success"}
{"content_length":"373","label":"Spare Spart api logs","level":"http","message":"incoming-api-request","method":"GET","response_time":1625.347,"status":200,"url":"/spdatbaseservice/api/v1/service-charge/details-by-charge-type/DELIVERY_CHARGE"}
{"label":"Spare Spart api logs","level":"info","message":"Success"}
{"content_length":"360","label":"Spare Spart api logs","level":"http","message":"incoming-api-request","method":"GET","response_time":1608.643,"status":200,"url":"/spdatbaseservice/api/v1/service-charge/details-by-charge-type/TAX"}
