{"clientVersion":"5.22.0","label":"Spare Spart api logs","level":"error","message":"\nInvalid `prisma.wallet.create()` invocation in\n/Users/testdevice/Desktop/Source Code/Node JS/Spare Part/SPDatabaseServices/DBFunctions/WalletDb.js:14:50\n\n  11 \n  12 ussd.add = async (data) => {\n  13     try {\n→ 14         const newContinent = await prisma.wallet.create({\n               data: {\n                 wallet_type: \"CREDIT_SUSPENSE\",\n                 WalletNumber: \"S00001\",\n             +   date_created: DateTime\n               }\n             })\n\nArgument `date_created` is missing.","name":"PrismaClientValidationError","stack":"PrismaClientValidationError: \nInvalid `prisma.wallet.create()` invocation in\n/Users/testdevice/Desktop/Source Code/Node JS/Spare Part/SPDatabaseServices/DBFunctions/WalletDb.js:14:50\n\n  11 \n  12 ussd.add = async (data) => {\n  13     try {\n→ 14         const newContinent = await prisma.wallet.create({\n               data: {\n                 wallet_type: \"CREDIT_SUSPENSE\",\n                 WalletNumber: \"S00001\",\n             +   date_created: DateTime\n               }\n             })\n\nArgument `date_created` is missing.\n    at wn (/Users/testdevice/Desktop/Source Code/Node JS/Spare Part/SPDatabaseServices/node_modules/@prisma/client/runtime/library.js:29:1363)\n    at $n.handleRequestError (/Users/testdevice/Desktop/Source Code/Node JS/Spare Part/SPDatabaseServices/node_modules/@prisma/client/runtime/library.js:121:6958)\n    at $n.handleAndLogRequestError (/Users/testdevice/Desktop/Source Code/Node JS/Spare Part/SPDatabaseServices/node_modules/@prisma/client/runtime/library.js:121:6623)\n    at $n.request (/Users/testdevice/Desktop/Source Code/Node JS/Spare Part/SPDatabaseServices/node_modules/@prisma/client/runtime/library.js:121:6307)\n    at async l (/Users/testdevice/Desktop/Source Code/Node JS/Spare Part/SPDatabaseServices/node_modules/@prisma/client/runtime/library.js:130:9633)\n    at async ussd.add (/Users/testdevice/Desktop/Source Code/Node JS/Spare Part/SPDatabaseServices/DBFunctions/WalletDb.js:14:30)\n    at async /Users/testdevice/Desktop/Source Code/Node JS/Spare Part/SPDatabaseServices/controllers/WalletController.js:13:18"}
{"label":"Spare Spart api logs","level":"error","message":"\nInvalid `prisma.wallet.create()` invocation in\n/Users/testdevice/Desktop/Source Code/Node JS/Spare Part/SPDatabaseServices/DBFunctions/WalletDb.js:14:50\n\n  11 \n  12 ussd.add = async (data) => {\n  13     try {\n→ 14         const newContinent = await prisma.wallet.create({\n               data: {\n                 wallet_type: \"CREDIT_SUSPENSE\",\n                 WalletNumber: \"S00001\",\n             +   date_created: DateTime\n               }\n             })\n\nArgument `date_created` is missing."}
{"content_length":"541","label":"Spare Spart api logs","level":"http","message":"incoming-api-request","method":"POST","response_time":1817.938,"status":500,"url":"/spdatbaseservice/api/v1/wallet/add"}
{"label":"Spare Spart api logs","level":"debug","message":"Spare Part Database Service: Running in development mode and listening on port http://:9006"}
{"label":"Spare Spart api logs","level":"info","message":"Success"}
{"content_length":"234","label":"Spare Spart api logs","level":"http","message":"incoming-api-request","method":"POST","response_time":2171.941,"status":200,"url":"/spdatbaseservice/api/v1/wallet/add"}
{"label":"Spare Spart api logs","level":"info","message":"Success"}
{"content_length":"233","label":"Spare Spart api logs","level":"http","message":"incoming-api-request","method":"POST","response_time":1355.9,"status":200,"url":"/spdatbaseservice/api/v1/wallet/add"}
{"label":"Spare Spart api logs","level":"info","message":"Success"}
{"content_length":"233","label":"Spare Spart api logs","level":"http","message":"incoming-api-request","method":"POST","response_time":1379.588,"status":200,"url":"/spdatbaseservice/api/v1/wallet/update"}
{"label":"Spare Spart api logs","level":"info","message":"Success"}
{"content_length":"233","label":"Spare Spart api logs","level":"http","message":"incoming-api-request","method":"POST","response_time":1443.611,"status":200,"url":"/spdatbaseservice/api/v1/wallet/update"}
{"label":"Spare Spart api logs","level":"error","message":"Invalid wallet ID"}
{"content_length":"42","label":"Spare Spart api logs","level":"http","message":"incoming-api-request","method":"GET","response_time":2117.525,"status":200,"url":"/spdatbaseservice/api/v1/wallet/details-by-id/fe2aca72-bedf-41e9-a2de-7c2b8a0197a2"}
{"label":"Spare Spart api logs","level":"debug","message":"Spare Part Database Service: Running in development mode and listening on port http://:9006"}
{"label":"Spare Spart api logs","level":"debug","message":"Spare Part Database Service: Running in development mode and listening on port http://:9006"}
{"label":"Spare Spart api logs","level":"debug","message":"Spare Part Database Service: Running in development mode and listening on port http://:9006"}
{"label":"Spare Spart api logs","level":"debug","message":"Spare Part Database Service: Running in development mode and listening on port http://:9006"}
{"label":"Spare Spart api logs","level":"debug","message":"Spare Part Database Service: Running in development mode and listening on port http://:9006"}
{"label":"Spare Spart api logs","level":"debug","message":"Spare Part Database Service: Running in development mode and listening on port http://:9006"}
{"label":"Spare Spart api logs","level":"debug","message":"Spare Part Database Service: Running in development mode and listening on port http://:9006"}
{"label":"Spare Spart api logs","level":"info","message":"Success"}
{"content_length":"233","label":"Spare Spart api logs","level":"http","message":"incoming-api-request","method":"GET","response_time":1458.908,"status":200,"url":"/spdatbaseservice/api/v1/wallet/details-by-id/fe2aca72-bedf-41e9-a2de-7c2b8a0197a2"}
{"label":"Spare Spart api logs","level":"info","message":"Success"}
{"content_length":"233","label":"Spare Spart api logs","level":"http","message":"incoming-api-request","method":"GET","response_time":1420.32,"status":200,"url":"/spdatbaseservice/api/v1/wallet/details-by-wallet-number/S00002"}
{"label":"Spare Spart api logs","level":"debug","message":"Spare Part Database Service: Running in development mode and listening on port http://:9006"}
{"label":"Spare Spart api logs","level":"info","message":"Success"}
{"content_length":"226","label":"Spare Spart api logs","level":"http","message":"incoming-api-request","method":"POST","response_time":1384.401,"status":200,"url":"/spdatbaseservice/api/v1/wallet/add"}
{"label":"Spare Spart api logs","level":"info","message":"Success"}
{"content_length":"258","label":"Spare Spart api logs","level":"http","message":"incoming-api-request","method":"POST","response_time":1337.729,"status":200,"url":"/spdatbaseservice/api/v1/wallet/add"}
{"label":"Spare Spart api logs","level":"info","message":"Success"}
{"content_length":"258","label":"Spare Spart api logs","level":"http","message":"incoming-api-request","method":"GET","response_time":1447.144,"status":200,"url":"/spdatbaseservice/api/v1/wallet/details-by-user-id/4298e2e3-4215-4884-9bb1-3fc7d9695e49"}
{"clientVersion":"5.22.0","label":"Spare Spart api logs","level":"error","message":"\nInvalid `prisma.wallet.findMany()` invocation in\n/Users/testdevice/Desktop/Source Code/Node JS/Spare Part/SPDatabaseServices/DBFunctions/WalletDb.js:134:42\n\n  131 ussd.systemAccounts = async () => {\n  132   try {\n  133       \n→ 134       const user = await prisma.wallet.findMany({\n              where: {\n                status: 1,\n                wallet_type: {\n                  NOT: {\n                  ~~~\n                    equals: \"USER\"\n                  },\n            ?     equals?: WALLET_TYPE | EnumWALLET_TYPEFieldRefInput,\n            ?     in?: WALLET_TYPE[] | ListEnumWALLET_TYPEFieldRefInput,\n            ?     notIn?: WALLET_TYPE[] | ListEnumWALLET_TYPEFieldRefInput,\n            ?     not?: WALLET_TYPE | NestedEnumWALLET_TYPEFilter\n                }\n              }\n            })\n\nUnknown argument `NOT`. Did you mean `in`? Available options are marked with ?.","name":"PrismaClientValidationError","stack":"PrismaClientValidationError: \nInvalid `prisma.wallet.findMany()` invocation in\n/Users/testdevice/Desktop/Source Code/Node JS/Spare Part/SPDatabaseServices/DBFunctions/WalletDb.js:134:42\n\n  131 ussd.systemAccounts = async () => {\n  132   try {\n  133       \n→ 134       const user = await prisma.wallet.findMany({\n              where: {\n                status: 1,\n                wallet_type: {\n                  NOT: {\n                  ~~~\n                    equals: \"USER\"\n                  },\n            ?     equals?: WALLET_TYPE | EnumWALLET_TYPEFieldRefInput,\n            ?     in?: WALLET_TYPE[] | ListEnumWALLET_TYPEFieldRefInput,\n            ?     notIn?: WALLET_TYPE[] | ListEnumWALLET_TYPEFieldRefInput,\n            ?     not?: WALLET_TYPE | NestedEnumWALLET_TYPEFilter\n                }\n              }\n            })\n\nUnknown argument `NOT`. Did you mean `in`? Available options are marked with ?.\n    at wn (/Users/testdevice/Desktop/Source Code/Node JS/Spare Part/SPDatabaseServices/node_modules/@prisma/client/runtime/library.js:29:1363)\n    at $n.handleRequestError (/Users/testdevice/Desktop/Source Code/Node JS/Spare Part/SPDatabaseServices/node_modules/@prisma/client/runtime/library.js:121:6958)\n    at $n.handleAndLogRequestError (/Users/testdevice/Desktop/Source Code/Node JS/Spare Part/SPDatabaseServices/node_modules/@prisma/client/runtime/library.js:121:6623)\n    at $n.request (/Users/testdevice/Desktop/Source Code/Node JS/Spare Part/SPDatabaseServices/node_modules/@prisma/client/runtime/library.js:121:6307)\n    at async l (/Users/testdevice/Desktop/Source Code/Node JS/Spare Part/SPDatabaseServices/node_modules/@prisma/client/runtime/library.js:130:9633)\n    at async ussd.systemAccounts (/Users/testdevice/Desktop/Source Code/Node JS/Spare Part/SPDatabaseServices/DBFunctions/WalletDb.js:134:22)\n    at async /Users/testdevice/Desktop/Source Code/Node JS/Spare Part/SPDatabaseServices/controllers/WalletController.js:173:18"}
{"label":"Spare Spart api logs","level":"error","message":"\nInvalid `prisma.wallet.findMany()` invocation in\n/Users/testdevice/Desktop/Source Code/Node JS/Spare Part/SPDatabaseServices/DBFunctions/WalletDb.js:134:42\n\n  131 ussd.systemAccounts = async () => {\n  132   try {\n  133       \n→ 134       const user = await prisma.wallet.findMany({\n              where: {\n                status: 1,\n                wallet_type: {\n                  NOT: {\n                  ~~~\n                    equals: \"USER\"\n                  },\n            ?     equals?: WALLET_TYPE | EnumWALLET_TYPEFieldRefInput,\n            ?     in?: WALLET_TYPE[] | ListEnumWALLET_TYPEFieldRefInput,\n            ?     notIn?: WALLET_TYPE[] | ListEnumWALLET_TYPEFieldRefInput,\n            ?     not?: WALLET_TYPE | NestedEnumWALLET_TYPEFilter\n                }\n              }\n            })\n\nUnknown argument `NOT`. Did you mean `in`? Available options are marked with ?."}
{"content_length":"934","label":"Spare Spart api logs","level":"http","message":"incoming-api-request","method":"GET","response_time":1306.576,"status":500,"url":"/spdatbaseservice/api/v1/wallet/system-wallets"}
{"label":"Spare Spart api logs","level":"debug","message":"Spare Part Database Service: Running in development mode and listening on port http://:9006"}
{"label":"Spare Spart api logs","level":"debug","message":"Spare Part Database Service: Running in development mode and listening on port http://:9006"}
{"label":"Spare Spart api logs","level":"debug","message":"Spare Part Database Service: Running in development mode and listening on port http://:9006"}
{"label":"Spare Spart api logs","level":"info","message":"Success"}
{"content_length":"617","label":"Spare Spart api logs","level":"http","message":"incoming-api-request","method":"GET","response_time":2111.456,"status":200,"url":"/spdatbaseservice/api/v1/wallet/system-wallets"}
{"label":"Spare Spart api logs","level":"info","message":"Success"}
{"content_length":"1749","label":"Spare Spart api logs","level":"http","message":"incoming-api-request","method":"POST","response_time":4054.521,"status":200,"url":"/spdatbaseservice/api/v1/user/login"}
{"label":"Spare Spart api logs","level":"info","message":"Success"}
{"content_length":"402","label":"Spare Spart api logs","level":"http","message":"incoming-api-request","method":"GET","response_time":1730.772,"status":200,"url":"/spdatbaseservice/api/v1/user/by-id/4298e2e3-4215-4884-9bb1-3fc7d9695e49"}
{"label":"Spare Spart api logs","level":"info","message":"Success"}
{"content_length":"240","label":"Spare Spart api logs","level":"http","message":"incoming-api-request","method":"POST","response_time":1360.222,"status":200,"url":"/spdatbaseservice/api/v1/wallet/add"}
{"label":"Spare Spart api logs","level":"info","message":"Success"}
{"content_length":"227","label":"Spare Spart api logs","level":"http","message":"incoming-api-request","method":"POST","response_time":1332.232,"status":200,"url":"/spdatbaseservice/api/v1/wallet/update"}
{"label":"Spare Spart api logs","level":"info","message":"Success"}
{"content_length":"402","label":"Spare Spart api logs","level":"http","message":"incoming-api-request","method":"GET","response_time":2426.89,"status":200,"url":"/spdatbaseservice/api/v1/user/by-id/4298e2e3-4215-4884-9bb1-3fc7d9695e49"}
{"label":"Spare Spart api logs","level":"info","message":"Success"}
{"content_length":"227","label":"Spare Spart api logs","level":"http","message":"incoming-api-request","method":"GET","response_time":1313.487,"status":200,"url":"/spdatbaseservice/api/v1/wallet/details-by-wallet-number/S000005"}
{"label":"Spare Spart api logs","level":"info","message":"Success"}
{"content_length":"402","label":"Spare Spart api logs","level":"http","message":"incoming-api-request","method":"GET","response_time":2031.458,"status":200,"url":"/spdatbaseservice/api/v1/user/by-id/4298e2e3-4215-4884-9bb1-3fc7d9695e49"}
{"label":"Spare Spart api logs","level":"info","message":"Success"}
{"content_length":"258","label":"Spare Spart api logs","level":"http","message":"incoming-api-request","method":"GET","response_time":1309.581,"status":200,"url":"/spdatbaseservice/api/v1/wallet/details-by-user-id/4298e2e3-4215-4884-9bb1-3fc7d9695e49"}
{"label":"Spare Spart api logs","level":"info","message":"Success"}
{"content_length":"402","label":"Spare Spart api logs","level":"http","message":"incoming-api-request","method":"GET","response_time":1364.434,"status":200,"url":"/spdatbaseservice/api/v1/user/by-id/4298e2e3-4215-4884-9bb1-3fc7d9695e49"}
{"label":"Spare Spart api logs","level":"info","message":"Success"}
{"content_length":"258","label":"Spare Spart api logs","level":"http","message":"incoming-api-request","method":"GET","response_time":1342.408,"status":200,"url":"/spdatbaseservice/api/v1/wallet/details-by-user-id/4298e2e3-4215-4884-9bb1-3fc7d9695e49"}
{"label":"Spare Spart api logs","level":"debug","message":"Spare Part Database Service: Running in development mode and listening on port http://:9006"}
{"label":"Spare Spart api logs","level":"debug","message":"Spare Part Database Service: Running in development mode and listening on port http://:9006"}
{"label":"Spare Spart api logs","level":"debug","message":"Spare Part Database Service: Running in development mode and listening on port http://:9006"}
{"label":"Spare Spart api logs","level":"info","message":"Success"}
{"content_length":"402","label":"Spare Spart api logs","level":"http","message":"incoming-api-request","method":"GET","response_time":1536.885,"status":200,"url":"/spdatbaseservice/api/v1/user/by-id/4298e2e3-4215-4884-9bb1-3fc7d9695e49"}
{"label":"Spare Spart api logs","level":"info","message":"Success"}
{"content_length":"805","label":"Spare Spart api logs","level":"http","message":"incoming-api-request","method":"GET","response_time":1362.46,"status":200,"url":"/spdatbaseservice/api/v1/wallet/system-wallets"}
{"label":"Spare Spart api logs","level":"debug","message":"Spare Part Database Service: Running in development mode and listening on port http://:9006"}
{"label":"Spare Spart api logs","level":"debug","message":"Spare Part Database Service: Running in development mode and listening on port http://:9006"}
{"label":"Spare Spart api logs","level":"debug","message":"Spare Part Database Service: Running in development mode and listening on port http://:9006"}
{"label":"Spare Spart api logs","level":"debug","message":"Spare Part Database Service: Running in development mode and listening on port http://:9006"}
{"label":"Spare Spart api logs","level":"debug","message":"Spare Part Database Service: Running in development mode and listening on port http://:9006"}
{"label":"Spare Spart api logs","level":"debug","message":"Spare Part Database Service: Running in development mode and listening on port http://:9006"}
{"label":"Spare Spart api logs","level":"debug","message":"Spare Part Database Service: Running in development mode and listening on port http://:9006"}
{"label":"Spare Spart api logs","level":"debug","message":"Spare Part Database Service: Running in development mode and listening on port http://:9006"}
{"label":"Spare Spart api logs","level":"debug","message":"Spare Part Database Service: Running in development mode and listening on port http://:9006"}
{"label":"Spare Spart api logs","level":"debug","message":"Spare Part Database Service: Running in development mode and listening on port http://:9006"}
{"label":"Spare Spart api logs","level":"debug","message":"Spare Part Database Service: Running in development mode and listening on port http://:9006"}
{"label":"Spare Spart api logs","level":"debug","message":"Spare Part Database Service: Running in development mode and listening on port http://:9006"}
{"label":"Spare Spart api logs","level":"debug","message":"Spare Part Database Service: Running in development mode and listening on port http://:9006"}
{"label":"Spare Spart api logs","level":"debug","message":"Spare Part Database Service: Running in development mode and listening on port http://:9006"}
{"label":"Spare Spart api logs","level":"debug","message":"Spare Part Database Service: Running in development mode and listening on port http://:9006"}
{"label":"Spare Spart api logs","level":"debug","message":"Spare Part Database Service: Running in development mode and listening on port http://:9006"}
{"label":"Spare Spart api logs","level":"debug","message":"Spare Part Database Service: Running in development mode and listening on port http://:9006"}
{"label":"Spare Spart api logs","level":"debug","message":"Spare Part Database Service: Running in development mode and listening on port http://:9006"}
{"label":"Spare Spart api logs","level":"debug","message":"Spare Part Database Service: Running in development mode and listening on port http://:9006"}
{"label":"Spare Spart api logs","level":"debug","message":"Spare Part Database Service: Running in development mode and listening on port http://:9006"}
{"label":"Spare Spart api logs","level":"debug","message":"Spare Part Database Service: Running in development mode and listening on port http://:9006"}
{"label":"Spare Spart api logs","level":"debug","message":"Spare Part Database Service: Running in development mode and listening on port http://:9006"}
{"label":"Spare Spart api logs","level":"debug","message":"Spare Part Database Service: Running in development mode and listening on port http://:9006"}
{"label":"Spare Spart api logs","level":"debug","message":"Spare Part Database Service: Running in development mode and listening on port http://:9006"}
{"label":"Spare Spart api logs","level":"debug","message":"Spare Part Database Service: Running in development mode and listening on port http://:9006"}
{"label":"Spare Spart api logs","level":"debug","message":"Spare Part Database Service: Running in development mode and listening on port http://:9006"}
{"label":"Spare Spart api logs","level":"debug","message":"Spare Part Database Service: Running in development mode and listening on port http://:9006"}
{"label":"Spare Spart api logs","level":"debug","message":"Spare Part Database Service: Running in development mode and listening on port http://:9006"}
{"label":"Spare Spart api logs","level":"debug","message":"Spare Part Database Service: Running in development mode and listening on port http://:9006"}
{"label":"Spare Spart api logs","level":"debug","message":"Spare Part Database Service: Running in development mode and listening on port http://:9006"}
{"label":"Spare Spart api logs","level":"debug","message":"Spare Part Database Service: Running in development mode and listening on port http://:9006"}
{"label":"Spare Spart api logs","level":"debug","message":"Spare Part Database Service: Running in development mode and listening on port http://:9006"}
{"label":"Spare Spart api logs","level":"debug","message":"Spare Part Database Service: Running in development mode and listening on port http://:9006"}
{"label":"Spare Spart api logs","level":"debug","message":"Spare Part Database Service: Running in development mode and listening on port http://:9006"}
{"label":"Spare Spart api logs","level":"debug","message":"Spare Part Database Service: Running in development mode and listening on port http://:9006"}
{"label":"Spare Spart api logs","level":"debug","message":"Spare Part Database Service: Running in development mode and listening on port http://:9006"}
{"label":"Spare Spart api logs","level":"debug","message":"Spare Part Database Service: Running in development mode and listening on port http://:9006"}
{"label":"Spare Spart api logs","level":"debug","message":"Spare Part Database Service: Running in development mode and listening on port http://:9006"}
{"label":"Spare Spart api logs","level":"debug","message":"Spare Part Database Service: Running in development mode and listening on port http://:9006"}
{"label":"Spare Spart api logs","level":"debug","message":"Spare Part Database Service: Running in development mode and listening on port http://:9006"}
{"label":"Spare Spart api logs","level":"debug","message":"Spare Part Database Service: Running in development mode and listening on port http://:9006"}
{"label":"Spare Spart api logs","level":"debug","message":"Spare Part Database Service: Running in development mode and listening on port http://:9006"}
{"label":"Spare Spart api logs","level":"debug","message":"Spare Part Database Service: Running in development mode and listening on port http://:9006"}
{"label":"Spare Spart api logs","level":"debug","message":"Spare Part Database Service: Running in development mode and listening on port http://:9006"}
{"label":"Spare Spart api logs","level":"debug","message":"Spare Part Database Service: Running in development mode and listening on port http://:9006"}
{"label":"Spare Spart api logs","level":"debug","message":"Spare Part Database Service: Running in development mode and listening on port http://:9006"}
{"label":"Spare Spart api logs","level":"debug","message":"Spare Part Database Service: Running in development mode and listening on port http://:9006"}
{"label":"Spare Spart api logs","level":"debug","message":"Spare Part Database Service: Running in development mode and listening on port http://:9006"}
{"label":"Spare Spart api logs","level":"debug","message":"Spare Part Database Service: Running in development mode and listening on port http://:9006"}
{"label":"Spare Spart api logs","level":"debug","message":"Spare Part Database Service: Running in development mode and listening on port http://:9006"}
{"label":"Spare Spart api logs","level":"debug","message":"Spare Part Database Service: Running in development mode and listening on port http://:9006"}
{"label":"Spare Spart api logs","level":"debug","message":"Spare Part Database Service: Running in development mode and listening on port http://:9006"}
{"label":"Spare Spart api logs","level":"debug","message":"Spare Part Database Service: Running in development mode and listening on port http://:9006"}
{"label":"Spare Spart api logs","level":"debug","message":"Spare Part Database Service: Running in development mode and listening on port http://:9006"}
{"label":"Spare Spart api logs","level":"debug","message":"Spare Part Database Service: Running in development mode and listening on port http://:9006"}
{"label":"Spare Spart api logs","level":"debug","message":"Spare Part Database Service: Running in development mode and listening on port http://:9006"}
{"label":"Spare Spart api logs","level":"debug","message":"Spare Part Database Service: Running in development mode and listening on port http://:9006"}
{"label":"Spare Spart api logs","level":"debug","message":"Spare Part Database Service: Running in development mode and listening on port http://:9006"}
{"label":"Spare Spart api logs","level":"debug","message":"Spare Part Database Service: Running in development mode and listening on port http://:9006"}
{"label":"Spare Spart api logs","level":"debug","message":"Spare Part Database Service: Running in development mode and listening on port http://:9006"}
{"label":"Spare Spart api logs","level":"debug","message":"Spare Part Database Service: Running in development mode and listening on port http://:9006"}
{"label":"Spare Spart api logs","level":"debug","message":"Spare Part Database Service: Running in development mode and listening on port http://:9006"}
{"label":"Spare Spart api logs","level":"debug","message":"Spare Part Database Service: Running in development mode and listening on port http://:9006"}
{"label":"Spare Spart api logs","level":"debug","message":"Spare Part Database Service: Running in development mode and listening on port http://:9006"}
{"label":"Spare Spart api logs","level":"debug","message":"Spare Part Database Service: Running in development mode and listening on port http://:9006"}
{"label":"Spare Spart api logs","level":"debug","message":"Spare Part Database Service: Running in development mode and listening on port http://:9006"}
{"label":"Spare Spart api logs","level":"debug","message":"Spare Part Database Service: Running in development mode and listening on port http://:9006"}
{"label":"Spare Spart api logs","level":"debug","message":"Spare Part Database Service: Running in development mode and listening on port http://:9006"}
{"label":"Spare Spart api logs","level":"debug","message":"Spare Part Database Service: Running in development mode and listening on port http://:9006"}
{"label":"Spare Spart api logs","level":"debug","message":"Spare Part Database Service: Running in development mode and listening on port http://:9006"}
{"label":"Spare Spart api logs","level":"debug","message":"Spare Part Database Service: Running in development mode and listening on port http://:9006"}
{"label":"Spare Spart api logs","level":"debug","message":"Spare Part Database Service: Running in development mode and listening on port http://:9006"}
{"label":"Spare Spart api logs","level":"debug","message":"Spare Part Database Service: Running in development mode and listening on port http://:9006"}
{"label":"Spare Spart api logs","level":"debug","message":"Spare Part Database Service: Running in development mode and listening on port http://:9006"}
{"label":"Spare Spart api logs","level":"debug","message":"Spare Part Database Service: Running in development mode and listening on port http://:9006"}
{"label":"Spare Spart api logs","level":"debug","message":"Spare Part Database Service: Running in development mode and listening on port http://:9006"}
{"label":"Spare Spart api logs","level":"debug","message":"Spare Part Database Service: Running in development mode and listening on port http://:9006"}
{"label":"Spare Spart api logs","level":"debug","message":"Spare Part Database Service: Running in development mode and listening on port http://:9006"}
{"label":"Spare Spart api logs","level":"debug","message":"Spare Part Database Service: Running in development mode and listening on port http://:9006"}
{"label":"Spare Spart api logs","level":"debug","message":"Spare Part Database Service: Running in development mode and listening on port http://:9006"}
{"label":"Spare Spart api logs","level":"debug","message":"Spare Part Database Service: Running in development mode and listening on port http://:9006"}
{"label":"Spare Spart api logs","level":"debug","message":"Spare Part Database Service: Running in development mode and listening on port http://:9006"}
{"label":"Spare Spart api logs","level":"debug","message":"Spare Part Database Service: Running in development mode and listening on port http://:9006"}
{"label":"Spare Spart api logs","level":"debug","message":"Spare Part Database Service: Running in development mode and listening on port http://:9006"}
{"label":"Spare Spart api logs","level":"debug","message":"Spare Part Database Service: Running in development mode and listening on port http://:9006"}
{"label":"Spare Spart api logs","level":"debug","message":"Spare Part Database Service: Running in development mode and listening on port http://:9006"}
{"label":"Spare Spart api logs","level":"debug","message":"Spare Part Database Service: Running in development mode and listening on port http://:9006"}
{"label":"Spare Spart api logs","level":"debug","message":"Spare Part Database Service: Running in development mode and listening on port http://:9006"}
{"label":"Spare Spart api logs","level":"debug","message":"Spare Part Database Service: Running in development mode and listening on port http://:9006"}
{"label":"Spare Spart api logs","level":"debug","message":"Spare Part Database Service: Running in development mode and listening on port http://:9006"}
{"label":"Spare Spart api logs","level":"debug","message":"Spare Part Database Service: Running in development mode and listening on port http://:9006"}
{"label":"Spare Spart api logs","level":"debug","message":"Spare Part Database Service: Running in development mode and listening on port http://:9006"}
{"label":"Spare Spart api logs","level":"debug","message":"Spare Part Database Service: Running in development mode and listening on port http://:9006"}
{"label":"Spare Spart api logs","level":"debug","message":"Spare Part Database Service: Running in development mode and listening on port http://:9006"}
{"label":"Spare Spart api logs","level":"debug","message":"Spare Part Database Service: Running in development mode and listening on port http://:9006"}
{"label":"Spare Spart api logs","level":"debug","message":"Spare Part Database Service: Running in development mode and listening on port http://:9006"}
{"label":"Spare Spart api logs","level":"debug","message":"Spare Part Database Service: Running in development mode and listening on port http://:9006"}
{"label":"Spare Spart api logs","level":"debug","message":"Spare Part Database Service: Running in development mode and listening on port http://:9006"}
{"label":"Spare Spart api logs","level":"debug","message":"Spare Part Database Service: Running in development mode and listening on port http://:9006"}
{"label":"Spare Spart api logs","level":"debug","message":"Spare Part Database Service: Running in development mode and listening on port http://:9006"}
{"label":"Spare Spart api logs","level":"debug","message":"Spare Part Database Service: Running in development mode and listening on port http://:9006"}
{"label":"Spare Spart api logs","level":"debug","message":"Spare Part Database Service: Running in development mode and listening on port http://:9006"}
{"label":"Spare Spart api logs","level":"debug","message":"Spare Part Database Service: Running in development mode and listening on port http://:9006"}
{"label":"Spare Spart api logs","level":"debug","message":"Spare Part Database Service: Running in development mode and listening on port http://:9006"}
{"label":"Spare Spart api logs","level":"debug","message":"Spare Part Database Service: Running in development mode and listening on port http://:9006"}
{"label":"Spare Spart api logs","level":"debug","message":"Spare Part Database Service: Running in development mode and listening on port http://:9006"}
{"label":"Spare Spart api logs","level":"debug","message":"Spare Part Database Service: Running in development mode and listening on port http://:9006"}
{"label":"Spare Spart api logs","level":"debug","message":"Spare Part Database Service: Running in development mode and listening on port http://:9006"}
{"label":"Spare Spart api logs","level":"debug","message":"Spare Part Database Service: Running in development mode and listening on port http://:9006"}
{"label":"Spare Spart api logs","level":"debug","message":"Spare Part Database Service: Running in development mode and listening on port http://:9006"}
{"label":"Spare Spart api logs","level":"debug","message":"Spare Part Database Service: Running in development mode and listening on port http://:9006"}
{"label":"Spare Spart api logs","level":"debug","message":"Spare Part Database Service: Running in development mode and listening on port http://:9006"}
{"label":"Spare Spart api logs","level":"debug","message":"Spare Part Database Service: Running in development mode and listening on port http://:9006"}
{"label":"Spare Spart api logs","level":"debug","message":"Spare Part Database Service: Running in development mode and listening on port http://:9006"}
{"label":"Spare Spart api logs","level":"debug","message":"Spare Part Database Service: Running in development mode and listening on port http://:9006"}
{"label":"Spare Spart api logs","level":"debug","message":"Spare Part Database Service: Running in development mode and listening on port http://:9006"}
{"label":"Spare Spart api logs","level":"debug","message":"Spare Part Database Service: Running in development mode and listening on port http://:9006"}
{"label":"Spare Spart api logs","level":"debug","message":"Spare Part Database Service: Running in development mode and listening on port http://:9006"}
{"label":"Spare Spart api logs","level":"debug","message":"Spare Part Database Service: Running in development mode and listening on port http://:9006"}
{"label":"Spare Spart api logs","level":"debug","message":"Spare Part Database Service: Running in development mode and listening on port http://:9006"}
{"label":"Spare Spart api logs","level":"debug","message":"Spare Part Database Service: Running in development mode and listening on port http://:9006"}
{"label":"Spare Spart api logs","level":"info","message":"Success"}
{"content_length":"346","label":"Spare Spart api logs","level":"http","message":"incoming-api-request","method":"POST","response_time":2224.496,"status":200,"url":"/spdatbaseservice/api/v1/address/add"}
{"label":"Spare Spart api logs","level":"info","message":"Success"}
{"content_length":"351","label":"Spare Spart api logs","level":"http","message":"incoming-api-request","method":"POST","response_time":1466.503,"status":200,"url":"/spdatbaseservice/api/v1/address/update"}
{"label":"Spare Spart api logs","level":"info","message":"Success"}
{"content_length":"351","label":"Spare Spart api logs","level":"http","message":"incoming-api-request","method":"GET","response_time":1686.97,"status":200,"url":"/spdatbaseservice/api/v1/address/details/7ab05e2a-8964-4b40-806b-f5c82eff0900"}
{"label":"Spare Spart api logs","level":"info","message":"Success"}
{"content_length":"351","label":"Spare Spart api logs","level":"http","message":"incoming-api-request","method":"GET","response_time":1309.795,"status":200,"url":"/spdatbaseservice/api/v1/address/details/7ab05e2a-8964-4b40-806b-f5c82eff0900"}
{"label":"Spare Spart api logs","level":"debug","message":"Spare Part Database Service: Running in development mode and listening on port http://:9006"}
{"label":"Spare Spart api logs","level":"debug","message":"Spare Part Database Service: Running in development mode and listening on port http://:9006"}
{"label":"Spare Spart api logs","level":"debug","message":"Spare Part Database Service: Running in development mode and listening on port http://:9006"}
{"label":"Spare Spart api logs","level":"info","message":"Success"}
{"content_length":"353","label":"Spare Spart api logs","level":"http","message":"incoming-api-request","method":"GET","response_time":1382.369,"status":200,"url":"/spdatbaseservice/api/v1/address/user-address/4298e2e3-4215-4884-9bb1-3fc7d9695e49"}
{"label":"Spare Spart api logs","level":"info","message":"Success"}
{"content_length":"402","label":"Spare Spart api logs","level":"http","message":"incoming-api-request","method":"GET","response_time":3080.554,"status":200,"url":"/spdatbaseservice/api/v1/user/by-id/4298e2e3-4215-4884-9bb1-3fc7d9695e49"}
{"label":"Spare Spart api logs","level":"info","message":"Success"}
{"content_length":"337","label":"Spare Spart api logs","level":"http","message":"incoming-api-request","method":"POST","response_time":2219.286,"status":200,"url":"/spdatbaseservice/api/v1/address/add"}
{"label":"Spare Spart api logs","level":"info","message":"Success"}
{"content_length":"402","label":"Spare Spart api logs","level":"http","message":"incoming-api-request","method":"GET","response_time":2171.012,"status":200,"url":"/spdatbaseservice/api/v1/user/by-id/4298e2e3-4215-4884-9bb1-3fc7d9695e49"}
{"label":"Spare Spart api logs","level":"info","message":"Success"}
{"content_length":"337","label":"Spare Spart api logs","level":"http","message":"incoming-api-request","method":"POST","response_time":2293.995,"status":200,"url":"/spdatbaseservice/api/v1/address/add"}
{"label":"Spare Spart api logs","level":"info","message":"Success"}
{"content_length":"402","label":"Spare Spart api logs","level":"http","message":"incoming-api-request","method":"GET","response_time":3487.877,"status":200,"url":"/spdatbaseservice/api/v1/user/by-id/4298e2e3-4215-4884-9bb1-3fc7d9695e49"}
{"label":"Spare Spart api logs","level":"info","message":"Success"}
{"content_length":"337","label":"Spare Spart api logs","level":"http","message":"incoming-api-request","method":"GET","response_time":2039.511,"status":200,"url":"/spdatbaseservice/api/v1/address/details/2c25a057-f68a-4754-b958-35d6fe125962"}
{"label":"Spare Spart api logs","level":"info","message":"Success"}
{"content_length":"402","label":"Spare Spart api logs","level":"http","message":"incoming-api-request","method":"GET","response_time":2202.648,"status":200,"url":"/spdatbaseservice/api/v1/user/by-id/4298e2e3-4215-4884-9bb1-3fc7d9695e49"}
{"label":"Spare Spart api logs","level":"info","message":"Success"}
{"content_length":"949","label":"Spare Spart api logs","level":"http","message":"incoming-api-request","method":"GET","response_time":2248.309,"status":200,"url":"/spdatbaseservice/api/v1/address/user-address/4298e2e3-4215-4884-9bb1-3fc7d9695e49"}
{"label":"Spare Spart api logs","level":"info","message":"Success"}
{"content_length":"402","label":"Spare Spart api logs","level":"http","message":"incoming-api-request","method":"GET","response_time":1992.391,"status":200,"url":"/spdatbaseservice/api/v1/user/by-id/4298e2e3-4215-4884-9bb1-3fc7d9695e49"}
{"label":"Spare Spart api logs","level":"info","message":"Success"}
{"content_length":"949","label":"Spare Spart api logs","level":"http","message":"incoming-api-request","method":"GET","response_time":1902.121,"status":200,"url":"/spdatbaseservice/api/v1/address/user-address/4298e2e3-4215-4884-9bb1-3fc7d9695e49"}
