{"label":"Spare Spart api logs","level":"debug","message":"Spare Part Database Service: Running in development mode and listening on port http://:9006"}
{"label":"Spare Spart api logs","level":"debug","message":"Spare Part Database Service: Running in development mode and listening on port http://:9006"}
{"label":"Spare Spart api logs","level":"debug","message":"Spare Part Database Service: Running in development mode and listening on port http://:9006"}
{"label":"Spare Spart api logs","level":"debug","message":"Spare Part Database Service: Running in development mode and listening on port http://:9006"}
{"label":"Spare Spart api logs","level":"debug","message":"Spare Part Database Service: Running in development mode and listening on port http://:9006"}
{"label":"Spare Spart api logs","level":"debug","message":"Spare Part Database Service: Running in development mode and listening on port http://:9006"}
{"label":"Spare Spart api logs","level":"debug","message":"Spare Part Database Service: Running in development mode and listening on port http://:9006"}
{"label":"Spare Spart api logs","level":"debug","message":"Spare Part Database Service: Running in development mode and listening on port http://:9006"}
{"label":"Spare Spart api logs","level":"debug","message":"Spare Part Database Service: Running in development mode and listening on port http://:9006"}
{"label":"Spare Spart api logs","level":"debug","message":"Spare Part Database Service: Running in development mode and listening on port http://:9006"}
{"label":"Spare Spart api logs","level":"debug","message":"Spare Part Database Service: Running in development mode and listening on port http://:9006"}
{"label":"Spare Spart api logs","level":"debug","message":"Spare Part Database Service: Running in development mode and listening on port http://:9006"}
{"label":"Spare Spart api logs","level":"debug","message":"Spare Part Database Service: Running in development mode and listening on port http://:9006"}
{"label":"Spare Spart api logs","level":"debug","message":"Spare Part Database Service: Running in development mode and listening on port http://:9006"}
{"label":"Spare Spart api logs","level":"debug","message":"Spare Part Database Service: Running in development mode and listening on port http://:9006"}
{"label":"Spare Spart api logs","level":"debug","message":"Spare Part Database Service: Running in development mode and listening on port http://:9006"}
{"label":"Spare Spart api logs","level":"debug","message":"Spare Part Database Service: Running in development mode and listening on port http://:9006"}
{"label":"Spare Spart api logs","level":"debug","message":"Spare Part Database Service: Running in development mode and listening on port http://:9006"}
{"label":"Spare Spart api logs","level":"debug","message":"Spare Part Database Service: Running in development mode and listening on port http://:9006"}
{"label":"Spare Spart api logs","level":"debug","message":"Spare Part Database Service: Running in development mode and listening on port http://:9006"}
{"label":"Spare Spart api logs","level":"debug","message":"Spare Part Database Service: Running in development mode and listening on port http://:9006"}
{"label":"Spare Spart api logs","level":"debug","message":"Spare Part Database Service: Running in development mode and listening on port http://:9006"}
{"label":"Spare Spart api logs","level":"debug","message":"Spare Part Database Service: Running in development mode and listening on port http://:9006"}
{"label":"Spare Spart api logs","level":"debug","message":"Spare Part Database Service: Running in development mode and listening on port http://:9006"}
{"label":"Spare Spart api logs","level":"debug","message":"Spare Part Database Service: Running in development mode and listening on port http://:9006"}
{"label":"Spare Spart api logs","level":"debug","message":"Spare Part Database Service: Running in development mode and listening on port http://:9006"}
{"label":"Spare Spart api logs","level":"debug","message":"Spare Part Database Service: Running in development mode and listening on port http://:9006"}
{"label":"Spare Spart api logs","level":"debug","message":"Spare Part Database Service: Running in development mode and listening on port http://:9006"}
{"label":"Spare Spart api logs","level":"debug","message":"Spare Part Database Service: Running in development mode and listening on port http://:9006"}
{"label":"Spare Spart api logs","level":"debug","message":"Spare Part Database Service: Running in development mode and listening on port http://:9006"}
{"label":"Spare Spart api logs","level":"debug","message":"Spare Part Database Service: Running in development mode and listening on port http://:9006"}
{"label":"Spare Spart api logs","level":"debug","message":"Spare Part Database Service: Running in development mode and listening on port http://:9006"}
{"label":"Spare Spart api logs","level":"debug","message":"Spare Part Database Service: Running in development mode and listening on port http://:9006"}
{"label":"Spare Spart api logs","level":"debug","message":"Spare Part Database Service: Running in development mode and listening on port http://:9006"}
{"label":"Spare Spart api logs","level":"debug","message":"Spare Part Database Service: Running in development mode and listening on port http://:9006"}
{"label":"Spare Spart api logs","level":"debug","message":"Spare Part Database Service: Running in development mode and listening on port http://:9006"}
{"label":"Spare Spart api logs","level":"debug","message":"Spare Part Database Service: Running in development mode and listening on port http://:9006"}
{"label":"Spare Spart api logs","level":"debug","message":"Spare Part Database Service: Running in development mode and listening on port http://:9006"}
{"label":"Spare Spart api logs","level":"debug","message":"Spare Part Database Service: Running in development mode and listening on port http://:9006"}
{"label":"Spare Spart api logs","level":"debug","message":"Spare Part Database Service: Running in development mode and listening on port http://:9006"}
{"label":"Spare Spart api logs","level":"debug","message":"Spare Part Database Service: Running in development mode and listening on port http://:9006"}
{"label":"Spare Spart api logs","level":"debug","message":"Spare Part Database Service: Running in development mode and listening on port http://:9006"}
{"label":"Spare Spart api logs","level":"debug","message":"Spare Part Database Service: Running in development mode and listening on port http://:9006"}
{"label":"Spare Spart api logs","level":"debug","message":"Spare Part Database Service: Running in development mode and listening on port http://:9006"}
{"label":"Spare Spart api logs","level":"debug","message":"Spare Part Database Service: Running in development mode and listening on port http://:9006"}
{"label":"Spare Spart api logs","level":"debug","message":"Spare Part Database Service: Running in development mode and listening on port http://:9006"}
{"label":"Spare Spart api logs","level":"debug","message":"Spare Part Database Service: Running in development mode and listening on port http://:9006"}
{"label":"Spare Spart api logs","level":"debug","message":"Spare Part Database Service: Running in development mode and listening on port http://:9006"}
{"label":"Spare Spart api logs","level":"debug","message":"Spare Part Database Service: Running in development mode and listening on port http://:9006"}
{"label":"Spare Spart api logs","level":"debug","message":"Spare Part Database Service: Running in development mode and listening on port http://:9006"}
{"label":"Spare Spart api logs","level":"debug","message":"Spare Part Database Service: Running in development mode and listening on port http://:9006"}
{"label":"Spare Spart api logs","level":"debug","message":"Spare Part Database Service: Running in development mode and listening on port http://:9006"}
{"label":"Spare Spart api logs","level":"debug","message":"Spare Part Database Service: Running in development mode and listening on port http://:9006"}
{"label":"Spare Spart api logs","level":"debug","message":"Spare Part Database Service: Running in development mode and listening on port http://:9006"}
{"label":"Spare Spart api logs","level":"debug","message":"Spare Part Database Service: Running in development mode and listening on port http://:9006"}
{"label":"Spare Spart api logs","level":"debug","message":"Spare Part Database Service: Running in development mode and listening on port http://:9006"}
{"label":"Spare Spart api logs","level":"debug","message":"Spare Part Database Service: Running in development mode and listening on port http://:9006"}
{"label":"Spare Spart api logs","level":"info","message":"Success"}
{"content_length":"1749","label":"Spare Spart api logs","level":"http","message":"incoming-api-request","method":"POST","response_time":3601.26,"status":200,"url":"/spdatbaseservice/api/v1/user/login"}
{"label":"Spare Spart api logs","level":"debug","message":"Spare Part Database Service: Running in development mode and listening on port http://:9006"}
{"label":"Spare Spart api logs","level":"debug","message":"Spare Part Database Service: Running in development mode and listening on port http://:9006"}
{"label":"Spare Spart api logs","level":"debug","message":"Spare Part Database Service: Running in development mode and listening on port http://:9006"}
{"label":"Spare Spart api logs","level":"debug","message":"Spare Part Database Service: Running in development mode and listening on port http://:9006"}
{"label":"Spare Spart api logs","level":"debug","message":"Spare Part Database Service: Running in development mode and listening on port http://:9006"}
{"label":"Spare Spart api logs","level":"debug","message":"Spare Part Database Service: Running in development mode and listening on port http://:9006"}
{"label":"Spare Spart api logs","level":"debug","message":"Spare Part Database Service: Running in development mode and listening on port http://:9006"}
{"label":"Spare Spart api logs","level":"debug","message":"Spare Part Database Service: Running in development mode and listening on port http://:9006"}
{"label":"Spare Spart api logs","level":"debug","message":"Spare Part Database Service: Running in development mode and listening on port http://:9006"}
{"label":"Spare Spart api logs","level":"debug","message":"Spare Part Database Service: Running in development mode and listening on port http://:9006"}
{"label":"Spare Spart api logs","level":"debug","message":"Spare Part Database Service: Running in development mode and listening on port http://:9006"}
{"label":"Spare Spart api logs","level":"debug","message":"Spare Part Database Service: Running in development mode and listening on port http://:9006"}
{"label":"Spare Spart api logs","level":"debug","message":"Spare Part Database Service: Running in development mode and listening on port http://:9006"}
{"label":"Spare Spart api logs","level":"info","message":"Success"}
{"content_length":"402","label":"Spare Spart api logs","level":"http","message":"incoming-api-request","method":"GET","response_time":1510.992,"status":200,"url":"/spdatbaseservice/api/v1/user/by-id/4298e2e3-4215-4884-9bb1-3fc7d9695e49"}
{"label":"Spare Spart api logs","level":"info","message":"Success"}
{"content_length":"5019","label":"Spare Spart api logs","level":"http","message":"incoming-api-request","method":"GET","response_time":4681.349,"status":200,"url":"/spdatbaseservice/api/v1/bidding/request-biddings/49f8ebe6-a28a-4d03-8f70-10a12314ea02"}
{"label":"Spare Spart api logs","level":"info","message":"Success"}
{"content_length":"1653","label":"Spare Spart api logs","level":"http","message":"incoming-api-request","method":"POST","response_time":3913.008,"status":200,"url":"/spdatbaseservice/api/v1/user/login"}
{"label":"Spare Spart api logs","level":"info","message":"Success"}
{"content_length":"439","label":"Spare Spart api logs","level":"http","message":"incoming-api-request","method":"GET","response_time":1517.687,"status":200,"url":"/spdatbaseservice/api/v1/user/by-id/f571c647-847c-4627-a744-0e0c894c5d45"}
{"label":"Spare Spart api logs","level":"info","message":"Success"}
{"content_length":"17459","label":"Spare Spart api logs","level":"http","message":"incoming-api-request","method":"GET","response_time":4576.839,"status":200,"url":"/spdatbaseservice/api/v1/bidding/seller-active-biddings/6373d98b-5685-4f50-840f-8f3f201e3558"}
{"label":"Spare Spart api logs","level":"debug","message":"Spare Part Database Service: Running in development mode and listening on port http://:9006"}
{"label":"Spare Spart api logs","level":"debug","message":"Spare Part Database Service: Running in development mode and listening on port http://:9006"}
{"label":"Spare Spart api logs","level":"debug","message":"Spare Part Database Service: Running in development mode and listening on port http://:9006"}
{"label":"Spare Spart api logs","level":"debug","message":"Spare Part Database Service: Running in development mode and listening on port http://:9006"}
{"label":"Spare Spart api logs","level":"debug","message":"Spare Part Database Service: Running in development mode and listening on port http://:9006"}
{"label":"Spare Spart api logs","level":"debug","message":"Spare Part Database Service: Running in development mode and listening on port http://:9006"}
{"label":"Spare Spart api logs","level":"debug","message":"Spare Part Database Service: Running in development mode and listening on port http://:9006"}
{"label":"Spare Spart api logs","level":"debug","message":"Spare Part Database Service: Running in development mode and listening on port http://:9006"}
{"label":"Spare Spart api logs","level":"debug","message":"Spare Part Database Service: Running in development mode and listening on port http://:9006"}
{"label":"Spare Spart api logs","level":"debug","message":"Spare Part Database Service: Running in development mode and listening on port http://:9006"}
{"label":"Spare Spart api logs","level":"debug","message":"Spare Part Database Service: Running in development mode and listening on port http://:9006"}
{"label":"Spare Spart api logs","level":"debug","message":"Spare Part Database Service: Running in development mode and listening on port http://:9006"}
{"label":"Spare Spart api logs","level":"debug","message":"Spare Part Database Service: Running in development mode and listening on port http://:9006"}
{"label":"Spare Spart api logs","level":"debug","message":"Spare Part Database Service: Running in development mode and listening on port http://:9006"}
{"label":"Spare Spart api logs","level":"debug","message":"Spare Part Database Service: Running in development mode and listening on port http://:9006"}
{"label":"Spare Spart api logs","level":"debug","message":"Spare Part Database Service: Running in development mode and listening on port http://:9006"}
{"label":"Spare Spart api logs","level":"debug","message":"Spare Part Database Service: Running in development mode and listening on port http://:9006"}
{"label":"Spare Spart api logs","level":"debug","message":"Spare Part Database Service: Running in development mode and listening on port http://:9006"}
{"label":"Spare Spart api logs","level":"debug","message":"Spare Part Database Service: Running in development mode and listening on port http://:9006"}
{"label":"Spare Spart api logs","level":"debug","message":"Spare Part Database Service: Running in development mode and listening on port http://:9006"}
{"label":"Spare Spart api logs","level":"debug","message":"Spare Part Database Service: Running in development mode and listening on port http://:9006"}
{"label":"Spare Spart api logs","level":"debug","message":"Spare Part Database Service: Running in development mode and listening on port http://:9006"}
{"label":"Spare Spart api logs","level":"debug","message":"Spare Part Database Service: Running in development mode and listening on port http://:9006"}
{"label":"Spare Spart api logs","level":"debug","message":"Spare Part Database Service: Running in development mode and listening on port http://:9006"}
{"label":"Spare Spart api logs","level":"debug","message":"Spare Part Database Service: Running in development mode and listening on port http://:9006"}
{"label":"Spare Spart api logs","level":"debug","message":"Spare Part Database Service: Running in development mode and listening on port http://:9006"}
{"label":"Spare Spart api logs","level":"debug","message":"Spare Part Database Service: Running in development mode and listening on port http://:9006"}
{"label":"Spare Spart api logs","level":"debug","message":"Spare Part Database Service: Running in development mode and listening on port http://:9006"}
{"label":"Spare Spart api logs","level":"debug","message":"Spare Part Database Service: Running in development mode and listening on port http://:9006"}
{"label":"Spare Spart api logs","level":"debug","message":"Spare Part Database Service: Running in development mode and listening on port http://:9006"}
{"label":"Spare Spart api logs","level":"debug","message":"Spare Part Database Service: Running in development mode and listening on port http://:9006"}
{"label":"Spare Spart api logs","level":"debug","message":"Spare Part Database Service: Running in development mode and listening on port http://:9006"}
{"label":"Spare Spart api logs","level":"debug","message":"Spare Part Database Service: Running in development mode and listening on port http://:9006"}
{"label":"Spare Spart api logs","level":"debug","message":"Spare Part Database Service: Running in development mode and listening on port http://:9006"}
{"label":"Spare Spart api logs","level":"debug","message":"Spare Part Database Service: Running in development mode and listening on port http://:9006"}
{"label":"Spare Spart api logs","level":"debug","message":"Spare Part Database Service: Running in development mode and listening on port http://:9006"}
{"label":"Spare Spart api logs","level":"debug","message":"Spare Part Database Service: Running in development mode and listening on port http://:9006"}
{"label":"Spare Spart api logs","level":"debug","message":"Spare Part Database Service: Running in development mode and listening on port http://:9006"}
{"label":"Spare Spart api logs","level":"debug","message":"Spare Part Database Service: Running in development mode and listening on port http://:9006"}
{"label":"Spare Spart api logs","level":"debug","message":"Spare Part Database Service: Running in development mode and listening on port http://:9006"}
{"label":"Spare Spart api logs","level":"debug","message":"Spare Part Database Service: Running in development mode and listening on port http://:9006"}
{"label":"Spare Spart api logs","level":"debug","message":"Spare Part Database Service: Running in development mode and listening on port http://:9006"}
{"label":"Spare Spart api logs","level":"debug","message":"Spare Part Database Service: Running in development mode and listening on port http://:9006"}
{"label":"Spare Spart api logs","level":"debug","message":"Spare Part Database Service: Running in development mode and listening on port http://:9006"}
{"label":"Spare Spart api logs","level":"debug","message":"Spare Part Database Service: Running in development mode and listening on port http://:9006"}
{"label":"Spare Spart api logs","level":"debug","message":"Spare Part Database Service: Running in development mode and listening on port http://:9006"}
{"label":"Spare Spart api logs","level":"debug","message":"Spare Part Database Service: Running in development mode and listening on port http://:9006"}
{"label":"Spare Spart api logs","level":"debug","message":"Spare Part Database Service: Running in development mode and listening on port http://:9006"}
{"label":"Spare Spart api logs","level":"debug","message":"Spare Part Database Service: Running in development mode and listening on port http://:9006"}
{"label":"Spare Spart api logs","level":"debug","message":"Spare Part Database Service: Running in development mode and listening on port http://:9006"}
{"label":"Spare Spart api logs","level":"debug","message":"Spare Part Database Service: Running in development mode and listening on port http://:9006"}
{"label":"Spare Spart api logs","level":"debug","message":"Spare Part Database Service: Running in development mode and listening on port http://:9006"}
{"label":"Spare Spart api logs","level":"debug","message":"Spare Part Database Service: Running in development mode and listening on port http://:9006"}
{"label":"Spare Spart api logs","level":"debug","message":"Spare Part Database Service: Running in development mode and listening on port http://:9006"}
{"label":"Spare Spart api logs","level":"debug","message":"Spare Part Database Service: Running in development mode and listening on port http://:9006"}
{"label":"Spare Spart api logs","level":"debug","message":"Spare Part Database Service: Running in development mode and listening on port http://:9006"}
{"label":"Spare Spart api logs","level":"debug","message":"Spare Part Database Service: Running in development mode and listening on port http://:9006"}
{"label":"Spare Spart api logs","level":"debug","message":"Spare Part Database Service: Running in development mode and listening on port http://:9006"}
{"label":"Spare Spart api logs","level":"debug","message":"Spare Part Database Service: Running in development mode and listening on port http://:9006"}
{"label":"Spare Spart api logs","level":"debug","message":"Spare Part Database Service: Running in development mode and listening on port http://:9006"}
{"label":"Spare Spart api logs","level":"debug","message":"Spare Part Database Service: Running in development mode and listening on port http://:9006"}
{"label":"Spare Spart api logs","level":"debug","message":"Spare Part Database Service: Running in development mode and listening on port http://:9006"}
{"label":"Spare Spart api logs","level":"debug","message":"Spare Part Database Service: Running in development mode and listening on port http://:9006"}
{"label":"Spare Spart api logs","level":"debug","message":"Spare Part Database Service: Running in development mode and listening on port http://:9006"}
{"label":"Spare Spart api logs","level":"debug","message":"Spare Part Database Service: Running in development mode and listening on port http://:9006"}
{"label":"Spare Spart api logs","level":"debug","message":"Spare Part Database Service: Running in development mode and listening on port http://:9006"}
{"label":"Spare Spart api logs","level":"debug","message":"Spare Part Database Service: Running in development mode and listening on port http://:9006"}
{"label":"Spare Spart api logs","level":"debug","message":"Spare Part Database Service: Running in development mode and listening on port http://:9006"}
{"label":"Spare Spart api logs","level":"debug","message":"Spare Part Database Service: Running in development mode and listening on port http://:9006"}
{"label":"Spare Spart api logs","level":"debug","message":"Spare Part Database Service: Running in development mode and listening on port http://:9006"}
{"label":"Spare Spart api logs","level":"debug","message":"Spare Part Database Service: Running in development mode and listening on port http://:9006"}
{"label":"Spare Spart api logs","level":"debug","message":"Spare Part Database Service: Running in development mode and listening on port http://:9006"}
{"label":"Spare Spart api logs","level":"debug","message":"Spare Part Database Service: Running in development mode and listening on port http://:9006"}
