{"label":"Spare Spart api logs","level":"info","message":"Success"}
{"content_length":"543","label":"Spare Spart api logs","level":"http","message":"incoming-api-request","method":"GET","response_time":1536.464,"status":200,"url":"/spdatbaseservice/api/v1/bidding/details/e922f10b-d69c-4eac-b53c-716910eb4ebf"}
{"label":"Spare Spart api logs","level":"info","message":"Success"}
{"content_length":"248","label":"Spare Spart api logs","level":"http","message":"incoming-api-request","method":"POST","response_time":1547.05,"status":200,"url":"/spdatbaseservice/api/v1/cart/add"}
{"label":"Spare Spart api logs","level":"info","message":"Success"}
{"content_length":"402","label":"Spare Spart api logs","level":"http","message":"incoming-api-request","method":"GET","response_time":2589.854,"status":200,"url":"/spdatbaseservice/api/v1/user/by-phone/233554340244"}
{"label":"Spare Spart api logs","level":"info","message":"Success"}
{"content_length":"402","label":"Spare Spart api logs","level":"http","message":"incoming-api-request","method":"GET","response_time":1353.376,"status":200,"url":"/spdatbaseservice/api/v1/user/by-id/4298e2e3-4215-4884-9bb1-3fc7d9695e49"}
{"label":"Spare Spart api logs","level":"info","message":"Success"}
{"content_length":"5503","label":"Spare Spart api logs","level":"http","message":"incoming-api-request","method":"GET","response_time":4799.371,"status":200,"url":"/spdatbaseservice/api/v1/cart/full-user-carts/4298e2e3-4215-4884-9bb1-3fc7d9695e49"}
{"label":"Spare Spart api logs","level":"info","message":"Success"}
{"content_length":"402","label":"Spare Spart api logs","level":"http","message":"incoming-api-request","method":"GET","response_time":2509.458,"status":200,"url":"/spdatbaseservice/api/v1/user/by-phone/233554340244"}
{"label":"Spare Spart api logs","level":"info","message":"Success"}
{"content_length":"402","label":"Spare Spart api logs","level":"http","message":"incoming-api-request","method":"GET","response_time":2525.144,"status":200,"url":"/spdatbaseservice/api/v1/user/by-id/4298e2e3-4215-4884-9bb1-3fc7d9695e49"}
{"label":"Spare Spart api logs","level":"info","message":"Success"}
{"content_length":"5503","label":"Spare Spart api logs","level":"http","message":"incoming-api-request","method":"GET","response_time":4816.374,"status":200,"url":"/spdatbaseservice/api/v1/cart/full-user-carts/4298e2e3-4215-4884-9bb1-3fc7d9695e49"}
{"label":"Spare Spart api logs","level":"info","message":"Success"}
{"content_length":"402","label":"Spare Spart api logs","level":"http","message":"incoming-api-request","method":"GET","response_time":2554.506,"status":200,"url":"/spdatbaseservice/api/v1/user/by-phone/233554340244"}
{"label":"Spare Spart api logs","level":"info","message":"Success"}
{"content_length":"402","label":"Spare Spart api logs","level":"http","message":"incoming-api-request","method":"GET","response_time":1385.997,"status":200,"url":"/spdatbaseservice/api/v1/user/by-phone/233554340244"}
{"label":"Spare Spart api logs","level":"info","message":"Success"}
{"content_length":"402","label":"Spare Spart api logs","level":"http","message":"incoming-api-request","method":"GET","response_time":1300.733,"status":200,"url":"/spdatbaseservice/api/v1/user/by-phone/233554340244"}
{"label":"Spare Spart api logs","level":"info","message":"Success"}
{"content_length":"402","label":"Spare Spart api logs","level":"http","message":"incoming-api-request","method":"GET","response_time":1379.19,"status":200,"url":"/spdatbaseservice/api/v1/user/by-id/4298e2e3-4215-4884-9bb1-3fc7d9695e49"}
{"label":"Spare Spart api logs","level":"info","message":"Success"}
{"content_length":"5503","label":"Spare Spart api logs","level":"http","message":"incoming-api-request","method":"GET","response_time":5442.412,"status":200,"url":"/spdatbaseservice/api/v1/cart/full-user-carts/4298e2e3-4215-4884-9bb1-3fc7d9695e49"}
{"label":"Spare Spart api logs","level":"debug","message":"Spare Part Database Service: Running in development mode and listening on port http://:9006"}
{"label":"Spare Spart api logs","level":"info","message":"Success"}
{"content_length":"402","label":"Spare Spart api logs","level":"http","message":"incoming-api-request","method":"GET","response_time":1260.005,"status":200,"url":"/spdatbaseservice/api/v1/user/by-id/4298e2e3-4215-4884-9bb1-3fc7d9695e49"}
{"label":"Spare Spart api logs","level":"info","message":"Success"}
{"content_length":"21190","label":"Spare Spart api logs","level":"http","message":"incoming-api-request","method":"GET","response_time":3273.957,"status":200,"url":"/spdatbaseservice/api/v1/order-request/user-requests-history/4298e2e3-4215-4884-9bb1-3fc7d9695e49"}
{"label":"Spare Spart api logs","level":"info","message":"Success"}
{"content_length":"1653","label":"Spare Spart api logs","level":"http","message":"incoming-api-request","method":"POST","response_time":2998.202,"status":200,"url":"/spdatbaseservice/api/v1/user/login"}
{"label":"Spare Spart api logs","level":"info","message":"Success"}
{"content_length":"439","label":"Spare Spart api logs","level":"http","message":"incoming-api-request","method":"GET","response_time":1180.344,"status":200,"url":"/spdatbaseservice/api/v1/user/by-id/f571c647-847c-4627-a744-0e0c894c5d45"}
{"label":"Spare Spart api logs","level":"error","message":"Invalid request ID"}
{"content_length":"43","label":"Spare Spart api logs","level":"http","message":"incoming-api-request","method":"GET","response_time":1346.308,"status":200,"url":"/spdatbaseservice/api/v1/bidding/details/%20522530f5-722c-4132-9853-7b3beccc7df0"}
{"label":"Spare Spart api logs","level":"info","message":"Success"}
{"content_length":"439","label":"Spare Spart api logs","level":"http","message":"incoming-api-request","method":"GET","response_time":1171.469,"status":200,"url":"/spdatbaseservice/api/v1/user/by-id/f571c647-847c-4627-a744-0e0c894c5d45"}
{"label":"Spare Spart api logs","level":"info","message":"Success"}
{"content_length":"425","label":"Spare Spart api logs","level":"http","message":"incoming-api-request","method":"GET","response_time":1170.429,"status":200,"url":"/spdatbaseservice/api/v1/bidding/details/522530f5-722c-4132-9853-7b3beccc7df0"}
{"label":"Spare Spart api logs","level":"info","message":"Success"}
{"content_length":"487","label":"Spare Spart api logs","level":"http","message":"incoming-api-request","method":"POST","response_time":1266.616,"status":200,"url":"/spdatbaseservice/api/v1/bidding/update"}
{"label":"Spare Spart api logs","level":"info","message":"Success"}
{"content_length":"3637","label":"Spare Spart api logs","level":"http","message":"incoming-api-request","method":"GET","response_time":3551.369,"status":200,"url":"/spdatbaseservice/api/v1/order-request/full-details/1e43b8b0-a0d7-424b-88d7-c95affa3fce0"}
{"label":"Spare Spart api logs","level":"info","message":"Success"}
{"content_length":"402","label":"Spare Spart api logs","level":"http","message":"incoming-api-request","method":"GET","response_time":1399.984,"status":200,"url":"/spdatbaseservice/api/v1/user/by-phone/233554340244"}
{"label":"Spare Spart api logs","level":"info","message":"Success"}
{"content_length":"402","label":"Spare Spart api logs","level":"http","message":"incoming-api-request","method":"GET","response_time":1268.329,"status":200,"url":"/spdatbaseservice/api/v1/user/by-id/4298e2e3-4215-4884-9bb1-3fc7d9695e49"}
{"label":"Spare Spart api logs","level":"info","message":"Success"}
{"content_length":"13011","label":"Spare Spart api logs","level":"http","message":"incoming-api-request","method":"GET","response_time":3496.11,"status":200,"url":"/spdatbaseservice/api/v1/order-request/user-active-requests/4298e2e3-4215-4884-9bb1-3fc7d9695e49"}
{"label":"Spare Spart api logs","level":"info","message":"Success"}
{"content_length":"439","label":"Spare Spart api logs","level":"http","message":"incoming-api-request","method":"GET","response_time":1173.65,"status":200,"url":"/spdatbaseservice/api/v1/user/by-id/f571c647-847c-4627-a744-0e0c894c5d45"}
{"label":"Spare Spart api logs","level":"info","message":"Success"}
{"content_length":"424","label":"Spare Spart api logs","level":"http","message":"incoming-api-request","method":"GET","response_time":1213.072,"status":200,"url":"/spdatbaseservice/api/v1/bidding/details/80780b8e-ebb4-4902-b231-e446b5dfa445"}
{"label":"Spare Spart api logs","level":"info","message":"Success"}
{"content_length":"489","label":"Spare Spart api logs","level":"http","message":"incoming-api-request","method":"POST","response_time":1250.61,"status":200,"url":"/spdatbaseservice/api/v1/bidding/update"}
{"label":"Spare Spart api logs","level":"info","message":"Success"}
{"content_length":"3640","label":"Spare Spart api logs","level":"http","message":"incoming-api-request","method":"GET","response_time":3384.072,"status":200,"url":"/spdatbaseservice/api/v1/order-request/full-details/49f8ebe6-a28a-4d03-8f70-10a12314ea02"}
{"label":"Spare Spart api logs","level":"info","message":"Success"}
{"content_length":"402","label":"Spare Spart api logs","level":"http","message":"incoming-api-request","method":"GET","response_time":1590.34,"status":200,"url":"/spdatbaseservice/api/v1/user/by-phone/233554340244"}
{"label":"Spare Spart api logs","level":"info","message":"Success"}
{"content_length":"402","label":"Spare Spart api logs","level":"http","message":"incoming-api-request","method":"GET","response_time":1046.507,"status":200,"url":"/spdatbaseservice/api/v1/user/by-id/4298e2e3-4215-4884-9bb1-3fc7d9695e49"}
{"label":"Spare Spart api logs","level":"info","message":"Success"}
{"content_length":"14602","label":"Spare Spart api logs","level":"http","message":"incoming-api-request","method":"GET","response_time":3657.688,"status":200,"url":"/spdatbaseservice/api/v1/order-request/user-active-requests/4298e2e3-4215-4884-9bb1-3fc7d9695e49"}
{"label":"Spare Spart api logs","level":"info","message":"Success"}
{"content_length":"402","label":"Spare Spart api logs","level":"http","message":"incoming-api-request","method":"GET","response_time":1480.944,"status":200,"url":"/spdatbaseservice/api/v1/user/by-id/4298e2e3-4215-4884-9bb1-3fc7d9695e49"}
{"label":"Spare Spart api logs","level":"info","message":"Success"}
{"content_length":"487","label":"Spare Spart api logs","level":"http","message":"incoming-api-request","method":"GET","response_time":1331.325,"status":200,"url":"/spdatbaseservice/api/v1/bidding/details/522530f5-722c-4132-9853-7b3beccc7df0"}
{"label":"Spare Spart api logs","level":"info","message":"Success"}
{"content_length":"248","label":"Spare Spart api logs","level":"http","message":"incoming-api-request","method":"POST","response_time":1368.949,"status":200,"url":"/spdatbaseservice/api/v1/cart/add"}
{"label":"Spare Spart api logs","level":"info","message":"Success"}
{"content_length":"402","label":"Spare Spart api logs","level":"http","message":"incoming-api-request","method":"GET","response_time":1117.896,"status":200,"url":"/spdatbaseservice/api/v1/user/by-id/4298e2e3-4215-4884-9bb1-3fc7d9695e49"}
{"label":"Spare Spart api logs","level":"info","message":"Success"}
{"content_length":"9064","label":"Spare Spart api logs","level":"http","message":"incoming-api-request","method":"GET","response_time":4304.832,"status":200,"url":"/spdatbaseservice/api/v1/cart/full-user-carts/4298e2e3-4215-4884-9bb1-3fc7d9695e49"}
{"label":"Spare Spart api logs","level":"info","message":"Success"}
{"content_length":"402","label":"Spare Spart api logs","level":"http","message":"incoming-api-request","method":"GET","response_time":1160.755,"status":200,"url":"/spdatbaseservice/api/v1/user/by-id/4298e2e3-4215-4884-9bb1-3fc7d9695e49"}
{"label":"Spare Spart api logs","level":"info","message":"Success"}
{"content_length":"9064","label":"Spare Spart api logs","level":"http","message":"incoming-api-request","method":"GET","response_time":4223.63,"status":200,"url":"/spdatbaseservice/api/v1/cart/full-user-carts/4298e2e3-4215-4884-9bb1-3fc7d9695e49"}
{"label":"Spare Spart api logs","level":"info","message":"Success"}
{"content_length":"402","label":"Spare Spart api logs","level":"http","message":"incoming-api-request","method":"GET","response_time":2217.517,"status":200,"url":"/spdatbaseservice/api/v1/user/by-phone/233554340244"}
{"label":"Spare Spart api logs","level":"info","message":"Success"}
{"content_length":"402","label":"Spare Spart api logs","level":"http","message":"incoming-api-request","method":"GET","response_time":1208.582,"status":200,"url":"/spdatbaseservice/api/v1/user/by-id/4298e2e3-4215-4884-9bb1-3fc7d9695e49"}
{"label":"Spare Spart api logs","level":"info","message":"Success"}
{"content_length":"9064","label":"Spare Spart api logs","level":"http","message":"incoming-api-request","method":"GET","response_time":4300.337,"status":200,"url":"/spdatbaseservice/api/v1/cart/full-user-carts/4298e2e3-4215-4884-9bb1-3fc7d9695e49"}
{"label":"Spare Spart api logs","level":"info","message":"Success"}
{"content_length":"402","label":"Spare Spart api logs","level":"http","message":"incoming-api-request","method":"GET","response_time":2100.438,"status":200,"url":"/spdatbaseservice/api/v1/user/by-id/4298e2e3-4215-4884-9bb1-3fc7d9695e49"}
{"label":"Spare Spart api logs","level":"info","message":"Success"}
{"content_length":"248","label":"Spare Spart api logs","level":"http","message":"incoming-api-request","method":"GET","response_time":1238.78,"status":200,"url":"/spdatbaseservice/api/v1/cart/details/86a19bcf-6ba6-406b-aade-4baa9151d9db"}
{"label":"Spare Spart api logs","level":"info","message":"Success"}
{"content_length":"249","label":"Spare Spart api logs","level":"http","message":"incoming-api-request","method":"POST","response_time":1124.991,"status":200,"url":"/spdatbaseservice/api/v1/cart/add"}
{"label":"Spare Spart api logs","level":"info","message":"Success"}
{"content_length":"402","label":"Spare Spart api logs","level":"http","message":"incoming-api-request","method":"GET","response_time":1251.609,"status":200,"url":"/spdatbaseservice/api/v1/user/by-id/4298e2e3-4215-4884-9bb1-3fc7d9695e49"}
{"label":"Spare Spart api logs","level":"info","message":"Success"}
{"content_length":"5503","label":"Spare Spart api logs","level":"http","message":"incoming-api-request","method":"GET","response_time":4304.769,"status":200,"url":"/spdatbaseservice/api/v1/cart/full-user-carts/4298e2e3-4215-4884-9bb1-3fc7d9695e49"}
