{"label":"Spare Spart api logs","level":"info","message":"Success"}
{"content_length":"402","label":"Spare Spart api logs","level":"http","message":"incoming-api-request","method":"GET","response_time":2293.89,"status":200,"url":"/spdatbaseservice/api/v1/user/by-phone/233554340244"}
{"label":"Spare Spart api logs","level":"info","message":"Success"}
{"content_length":"402","label":"Spare Spart api logs","level":"http","message":"incoming-api-request","method":"GET","response_time":1255.015,"status":200,"url":"/spdatbaseservice/api/v1/user/by-phone/233554340244"}
{"label":"Spare Spart api logs","level":"info","message":"Success"}
{"content_length":"402","label":"Spare Spart api logs","level":"http","message":"incoming-api-request","method":"GET","response_time":1184.246,"status":200,"url":"/spdatbaseservice/api/v1/user/by-phone/233554340244"}
{"label":"Spare Spart api logs","level":"info","message":"Success"}
{"content_length":"402","label":"Spare Spart api logs","level":"http","message":"incoming-api-request","method":"GET","response_time":1657.797,"status":200,"url":"/spdatbaseservice/api/v1/user/by-phone/233554340244"}
{"label":"Spare Spart api logs","level":"info","message":"Success"}
{"content_length":"402","label":"Spare Spart api logs","level":"http","message":"incoming-api-request","method":"GET","response_time":1127.455,"status":200,"url":"/spdatbaseservice/api/v1/user/by-phone/233554340244"}
{"label":"Spare Spart api logs","level":"info","message":"Success"}
{"content_length":"402","label":"Spare Spart api logs","level":"http","message":"incoming-api-request","method":"GET","response_time":1958.965,"status":200,"url":"/spdatbaseservice/api/v1/user/by-phone/233554340244"}
{"label":"Spare Spart api logs","level":"info","message":"Success"}
{"content_length":"402","label":"Spare Spart api logs","level":"http","message":"incoming-api-request","method":"GET","response_time":1245.103,"status":200,"url":"/spdatbaseservice/api/v1/user/by-phone/233554340244"}
{"label":"Spare Spart api logs","level":"info","message":"Success"}
{"content_length":"402","label":"Spare Spart api logs","level":"http","message":"incoming-api-request","method":"GET","response_time":2352.014,"status":200,"url":"/spdatbaseservice/api/v1/user/by-phone/233554340244"}
{"label":"Spare Spart api logs","level":"debug","message":"Spare Part Database Service: Running in development mode and listening on port http://:9006"}
{"label":"Spare Spart api logs","level":"debug","message":"Spare Part Database Service: Running in development mode and listening on port http://:9006"}
{"label":"Spare Spart api logs","level":"debug","message":"Spare Part Database Service: Running in development mode and listening on port http://:9006"}
{"label":"Spare Spart api logs","level":"debug","message":"Spare Part Database Service: Running in development mode and listening on port http://:9006"}
{"label":"Spare Spart api logs","level":"debug","message":"Spare Part Database Service: Running in development mode and listening on port http://:9006"}
{"label":"Spare Spart api logs","level":"debug","message":"Spare Part Database Service: Running in development mode and listening on port http://:9006"}
{"label":"Spare Spart api logs","level":"debug","message":"Spare Part Database Service: Running in development mode and listening on port http://:9006"}
{"label":"Spare Spart api logs","level":"debug","message":"Spare Part Database Service: Running in development mode and listening on port http://:9006"}
{"label":"Spare Spart api logs","level":"debug","message":"Spare Part Database Service: Running in development mode and listening on port http://:9006"}
{"label":"Spare Spart api logs","level":"debug","message":"Spare Part Database Service: Running in development mode and listening on port http://:9006"}
{"label":"Spare Spart api logs","level":"debug","message":"Spare Part Database Service: Running in development mode and listening on port http://:9006"}
{"label":"Spare Spart api logs","level":"debug","message":"Spare Part Database Service: Running in development mode and listening on port http://:9006"}
{"label":"Spare Spart api logs","level":"debug","message":"Spare Part Database Service: Running in development mode and listening on port http://:9006"}
{"label":"Spare Spart api logs","level":"debug","message":"Spare Part Database Service: Running in development mode and listening on port http://:9006"}
{"label":"Spare Spart api logs","level":"debug","message":"Spare Part Database Service: Running in development mode and listening on port http://:9006"}
{"label":"Spare Spart api logs","level":"debug","message":"Spare Part Database Service: Running in development mode and listening on port http://:9006"}
{"label":"Spare Spart api logs","level":"debug","message":"Spare Part Database Service: Running in development mode and listening on port http://:9006"}
{"label":"Spare Spart api logs","level":"debug","message":"Spare Part Database Service: Running in development mode and listening on port http://:9006"}
{"label":"Spare Spart api logs","level":"debug","message":"Spare Part Database Service: Running in development mode and listening on port http://:9006"}
{"label":"Spare Spart api logs","level":"debug","message":"Spare Part Database Service: Running in development mode and listening on port http://:9006"}
{"label":"Spare Spart api logs","level":"debug","message":"Spare Part Database Service: Running in development mode and listening on port http://:9006"}
{"label":"Spare Spart api logs","level":"debug","message":"Spare Part Database Service: Running in development mode and listening on port http://:9006"}
{"label":"Spare Spart api logs","level":"debug","message":"Spare Part Database Service: Running in development mode and listening on port http://:9006"}
{"label":"Spare Spart api logs","level":"debug","message":"Spare Part Database Service: Running in development mode and listening on port http://:9006"}
{"label":"Spare Spart api logs","level":"debug","message":"Spare Part Database Service: Running in development mode and listening on port http://:9006"}
{"label":"Spare Spart api logs","level":"debug","message":"Spare Part Database Service: Running in development mode and listening on port http://:9006"}
{"label":"Spare Spart api logs","level":"debug","message":"Spare Part Database Service: Running in development mode and listening on port http://:9006"}
{"label":"Spare Spart api logs","level":"debug","message":"Spare Part Database Service: Running in development mode and listening on port http://:9006"}
{"label":"Spare Spart api logs","level":"debug","message":"Spare Part Database Service: Running in development mode and listening on port http://:9006"}
{"label":"Spare Spart api logs","level":"debug","message":"Spare Part Database Service: Running in development mode and listening on port http://:9006"}
{"label":"Spare Spart api logs","level":"debug","message":"Spare Part Database Service: Running in development mode and listening on port http://:9006"}
{"label":"Spare Spart api logs","level":"debug","message":"Spare Part Database Service: Running in development mode and listening on port http://:9006"}
{"label":"Spare Spart api logs","level":"debug","message":"Spare Part Database Service: Running in development mode and listening on port http://:9006"}
{"label":"Spare Spart api logs","level":"debug","message":"Spare Part Database Service: Running in development mode and listening on port http://:9006"}
{"label":"Spare Spart api logs","level":"debug","message":"Spare Part Database Service: Running in development mode and listening on port http://:9006"}
{"label":"Spare Spart api logs","level":"debug","message":"Spare Part Database Service: Running in development mode and listening on port http://:9006"}
{"label":"Spare Spart api logs","level":"debug","message":"Spare Part Database Service: Running in development mode and listening on port http://:9006"}
{"clientVersion":"5.22.0","label":"Spare Spart api logs","level":"error","message":"\nInvalid `prisma.sparePart.findFirst()` invocation in\n/Users/testdevice/Desktop/Source Code/Node JS/Spare Part/SPDatabaseServices/DBFunctions/ProductDb.js:370:45\n\n  367 \n  368 ussd.SparePartByCode = async (id) => {\n  369   try {\n→ 370       const user = await prisma.sparePart.findFirst({\n              where: {\n                id: \"5\"\n                    ~~~\n              },\n              include: {\n                images: true,\n                carModel: {\n                  include: {\n                    carBrand: {\n                      include: {\n                        manufacturer: true\n                      }\n                    }\n                  }\n                }\n              }\n            })\n\nArgument `id`: Invalid value provided. Expected IntFilter or Int, provided String.","name":"PrismaClientValidationError","stack":"PrismaClientValidationError: \nInvalid `prisma.sparePart.findFirst()` invocation in\n/Users/testdevice/Desktop/Source Code/Node JS/Spare Part/SPDatabaseServices/DBFunctions/ProductDb.js:370:45\n\n  367 \n  368 ussd.SparePartByCode = async (id) => {\n  369   try {\n→ 370       const user = await prisma.sparePart.findFirst({\n              where: {\n                id: \"5\"\n                    ~~~\n              },\n              include: {\n                images: true,\n                carModel: {\n                  include: {\n                    carBrand: {\n                      include: {\n                        manufacturer: true\n                      }\n                    }\n                  }\n                }\n              }\n            })\n\nArgument `id`: Invalid value provided. Expected IntFilter or Int, provided String.\n    at wn (/Users/testdevice/Desktop/Source Code/Node JS/Spare Part/SPDatabaseServices/node_modules/@prisma/client/runtime/library.js:29:1363)\n    at $n.handleRequestError (/Users/testdevice/Desktop/Source Code/Node JS/Spare Part/SPDatabaseServices/node_modules/@prisma/client/runtime/library.js:121:6958)\n    at $n.handleAndLogRequestError (/Users/testdevice/Desktop/Source Code/Node JS/Spare Part/SPDatabaseServices/node_modules/@prisma/client/runtime/library.js:121:6623)\n    at $n.request (/Users/testdevice/Desktop/Source Code/Node JS/Spare Part/SPDatabaseServices/node_modules/@prisma/client/runtime/library.js:121:6307)\n    at async l (/Users/testdevice/Desktop/Source Code/Node JS/Spare Part/SPDatabaseServices/node_modules/@prisma/client/runtime/library.js:130:9633)\n    at async ussd.SparePartByCode (/Users/testdevice/Desktop/Source Code/Node JS/Spare Part/SPDatabaseServices/DBFunctions/ProductDb.js:370:22)\n    at async /Users/testdevice/Desktop/Source Code/Node JS/Spare Part/SPDatabaseServices/controllers/ProductController.js:405:18"}
{"label":"Spare Spart api logs","level":"error","message":"\nInvalid `prisma.sparePart.findFirst()` invocation in\n/Users/testdevice/Desktop/Source Code/Node JS/Spare Part/SPDatabaseServices/DBFunctions/ProductDb.js:370:45\n\n  367 \n  368 ussd.SparePartByCode = async (id) => {\n  369   try {\n→ 370       const user = await prisma.sparePart.findFirst({\n              where: {\n                id: \"5\"\n                    ~~~\n              },\n              include: {\n                images: true,\n                carModel: {\n                  include: {\n                    carBrand: {\n                      include: {\n                        manufacturer: true\n                      }\n                    }\n                  }\n                }\n              }\n            })\n\nArgument `id`: Invalid value provided. Expected IntFilter or Int, provided String."}
{"content_length":"850","label":"Spare Spart api logs","level":"http","message":"incoming-api-request","method":"GET","response_time":975.009,"status":500,"url":"/spdatbaseservice/api/v1/product/spare-part-details-by-code/5"}
{"label":"Spare Spart api logs","level":"debug","message":"Spare Part Database Service: Running in development mode and listening on port http://:9006"}
{"label":"Spare Spart api logs","level":"info","message":"Success"}
{"content_length":"985","label":"Spare Spart api logs","level":"http","message":"incoming-api-request","method":"GET","response_time":2338.611,"status":200,"url":"/spdatbaseservice/api/v1/product/spare-part-details-by-code/5"}
{"label":"Spare Spart api logs","level":"info","message":"Success"}
{"content_length":"402","label":"Spare Spart api logs","level":"http","message":"incoming-api-request","method":"GET","response_time":2118.528,"status":200,"url":"/spdatbaseservice/api/v1/user/by-id/4298e2e3-4215-4884-9bb1-3fc7d9695e49"}
{"label":"Spare Spart api logs","level":"info","message":"Success"}
{"content_length":"985","label":"Spare Spart api logs","level":"http","message":"incoming-api-request","method":"GET","response_time":2218.344,"status":200,"url":"/spdatbaseservice/api/v1/product/spare-part-details-by-code/5"}
{"label":"Spare Spart api logs","level":"info","message":"Success"}
{"content_length":"402","label":"Spare Spart api logs","level":"http","message":"incoming-api-request","method":"GET","response_time":3954.405,"status":200,"url":"/spdatbaseservice/api/v1/user/by-id/4298e2e3-4215-4884-9bb1-3fc7d9695e49"}
{"label":"Spare Spart api logs","level":"info","message":"Success"}
{"content_length":"402","label":"Spare Spart api logs","level":"http","message":"incoming-api-request","method":"GET","response_time":1161.066,"status":200,"url":"/spdatbaseservice/api/v1/user/by-id/4298e2e3-4215-4884-9bb1-3fc7d9695e49"}
{"label":"Spare Spart api logs","level":"info","message":"Success"}
{"content_length":"985","label":"Spare Spart api logs","level":"http","message":"incoming-api-request","method":"GET","response_time":2163.034,"status":200,"url":"/spdatbaseservice/api/v1/product/spare-part-details-by-code/5"}
{"label":"Spare Spart api logs","level":"info","message":"Success"}
{"content_length":"402","label":"Spare Spart api logs","level":"http","message":"incoming-api-request","method":"GET","response_time":2005.826,"status":200,"url":"/spdatbaseservice/api/v1/user/by-phone/233554340244"}
{"label":"Spare Spart api logs","level":"info","message":"Success"}
{"content_length":"402","label":"Spare Spart api logs","level":"http","message":"incoming-api-request","method":"GET","response_time":2264.724,"status":200,"url":"/spdatbaseservice/api/v1/user/by-phone/233554340244"}
{"label":"Spare Spart api logs","level":"info","message":"Success"}
{"content_length":"402","label":"Spare Spart api logs","level":"http","message":"incoming-api-request","method":"GET","response_time":2030.755,"status":200,"url":"/spdatbaseservice/api/v1/user/by-phone/233554340244"}
{"label":"Spare Spart api logs","level":"info","message":"Success"}
{"content_length":"402","label":"Spare Spart api logs","level":"http","message":"incoming-api-request","method":"GET","response_time":1180.53,"status":200,"url":"/spdatbaseservice/api/v1/user/by-phone/233554340244"}
{"label":"Spare Spart api logs","level":"info","message":"Success"}
{"content_length":"402","label":"Spare Spart api logs","level":"http","message":"incoming-api-request","method":"GET","response_time":1891.899,"status":200,"url":"/spdatbaseservice/api/v1/user/by-phone/233554340244"}
{"label":"Spare Spart api logs","level":"info","message":"Success"}
{"content_length":"402","label":"Spare Spart api logs","level":"http","message":"incoming-api-request","method":"GET","response_time":1942.308,"status":200,"url":"/spdatbaseservice/api/v1/user/by-phone/233554340244"}
{"label":"Spare Spart api logs","level":"info","message":"Success"}
{"content_length":"402","label":"Spare Spart api logs","level":"http","message":"incoming-api-request","method":"GET","response_time":1287.77,"status":200,"url":"/spdatbaseservice/api/v1/user/by-phone/233554340244"}
{"label":"Spare Spart api logs","level":"info","message":"Success"}
{"content_length":"402","label":"Spare Spart api logs","level":"http","message":"incoming-api-request","method":"GET","response_time":1966.124,"status":200,"url":"/spdatbaseservice/api/v1/user/by-phone/233554340244"}
{"label":"Spare Spart api logs","level":"info","message":"Success"}
{"content_length":"402","label":"Spare Spart api logs","level":"http","message":"incoming-api-request","method":"GET","response_time":1190.687,"status":200,"url":"/spdatbaseservice/api/v1/user/by-phone/233554340244"}
{"label":"Spare Spart api logs","level":"info","message":"Success"}
{"content_length":"985","label":"Spare Spart api logs","level":"http","message":"incoming-api-request","method":"GET","response_time":2865.026,"status":200,"url":"/spdatbaseservice/api/v1/product/spare-part-details-by-code/5"}
{"label":"Spare Spart api logs","level":"info","message":"Success"}
{"content_length":"402","label":"Spare Spart api logs","level":"http","message":"incoming-api-request","method":"GET","response_time":1275.461,"status":200,"url":"/spdatbaseservice/api/v1/user/by-phone/233554340244"}
{"label":"Spare Spart api logs","level":"info","message":"Success"}
{"content_length":"402","label":"Spare Spart api logs","level":"http","message":"incoming-api-request","method":"GET","response_time":2228.837,"status":200,"url":"/spdatbaseservice/api/v1/user/by-id/4298e2e3-4215-4884-9bb1-3fc7d9695e49"}
{"label":"Spare Spart api logs","level":"info","message":"Success"}
{"content_length":"985","label":"Spare Spart api logs","level":"http","message":"incoming-api-request","method":"GET","response_time":2264.069,"status":200,"url":"/spdatbaseservice/api/v1/product/spare-part-details-by-code/5"}
{"label":"Spare Spart api logs","level":"info","message":"Success"}
{"content_length":"402","label":"Spare Spart api logs","level":"http","message":"incoming-api-request","method":"GET","response_time":2624.068,"status":200,"url":"/spdatbaseservice/api/v1/user/by-phone/233554340244"}
{"label":"Spare Spart api logs","level":"info","message":"Success"}
{"content_length":"402","label":"Spare Spart api logs","level":"http","message":"incoming-api-request","method":"GET","response_time":1499.226,"status":200,"url":"/spdatbaseservice/api/v1/user/by-id/4298e2e3-4215-4884-9bb1-3fc7d9695e49"}
{"label":"Spare Spart api logs","level":"info","message":"Success"}
{"content_length":"985","label":"Spare Spart api logs","level":"http","message":"incoming-api-request","method":"GET","response_time":2910.874,"status":200,"url":"/spdatbaseservice/api/v1/product/spare-part-details-by-code/5"}
{"label":"Spare Spart api logs","level":"info","message":"Success"}
{"content_length":"402","label":"Spare Spart api logs","level":"http","message":"incoming-api-request","method":"GET","response_time":1536.307,"status":200,"url":"/spdatbaseservice/api/v1/user/by-id/4298e2e3-4215-4884-9bb1-3fc7d9695e49"}
{"label":"Spare Spart api logs","level":"info","message":"Success"}
{"content_length":"383","label":"Spare Spart api logs","level":"http","message":"incoming-api-request","method":"GET","response_time":1545.322,"status":200,"url":"/spdatbaseservice/api/v1/product/spare-part-details/5e84d5b9-b60a-41b3-aea8-d60cab1dd972"}
{"label":"Spare Spart api logs","level":"info","message":"Success"}
{"content_length":"334","label":"Spare Spart api logs","level":"http","message":"incoming-api-request","method":"POST","response_time":1536.231,"status":200,"url":"/spdatbaseservice/api/v1/order-request/add"}
{"label":"Spare Spart api logs","level":"info","message":"Success"}
{"content_length":"2164","label":"Spare Spart api logs","level":"http","message":"incoming-api-request","method":"GET","response_time":2169.895,"status":200,"url":"/spdatbaseservice/api/v1//user/gopa_sellers"}
{"label":"Spare Spart api logs","level":"info","message":"Success"}
{"content_length":"51","label":"Spare Spart api logs","level":"http","message":"incoming-api-request","method":"POST","response_time":1853.311,"status":200,"url":"/spdatbaseservice/api/v1/bidding/add"}
{"label":"Spare Spart api logs","level":"info","message":"Success"}
{"content_length":"402","label":"Spare Spart api logs","level":"http","message":"incoming-api-request","method":"GET","response_time":2569.976,"status":200,"url":"/spdatbaseservice/api/v1/user/by-id/4298e2e3-4215-4884-9bb1-3fc7d9695e49"}
{"label":"Spare Spart api logs","level":"info","message":"Success"}
{"content_length":"17971","label":"Spare Spart api logs","level":"http","message":"incoming-api-request","method":"GET","response_time":4574.54,"status":200,"url":"/spdatbaseservice/api/v1/order-request/user-active-requests/4298e2e3-4215-4884-9bb1-3fc7d9695e49"}
{"label":"Spare Spart api logs","level":"debug","message":"Spare Part Database Service: Running in development mode and listening on port http://:9006"}
{"label":"Spare Spart api logs","level":"debug","message":"Spare Part Database Service: Running in development mode and listening on port http://:9006"}
{"label":"Spare Spart api logs","level":"debug","message":"Spare Part Database Service: Running in development mode and listening on port http://:9006"}
{"label":"Spare Spart api logs","level":"info","message":"Success"}
{"content_length":"402","label":"Spare Spart api logs","level":"http","message":"incoming-api-request","method":"GET","response_time":2504.683,"status":200,"url":"/spdatbaseservice/api/v1/user/by-id/4298e2e3-4215-4884-9bb1-3fc7d9695e49"}
{"label":"Spare Spart api logs","level":"info","message":"Success"}
{"content_length":"17971","label":"Spare Spart api logs","level":"http","message":"incoming-api-request","method":"GET","response_time":4627.352,"status":200,"url":"/spdatbaseservice/api/v1/order-request/user-active-requests/4298e2e3-4215-4884-9bb1-3fc7d9695e49"}
{"label":"Spare Spart api logs","level":"debug","message":"Spare Part Database Service: Running in development mode and listening on port http://:9006"}
{"label":"Spare Spart api logs","level":"debug","message":"Spare Part Database Service: Running in development mode and listening on port http://:9006"}
{"label":"Spare Spart api logs","level":"debug","message":"Spare Part Database Service: Running in development mode and listening on port http://:9006"}
{"label":"Spare Spart api logs","level":"debug","message":"Spare Part Database Service: Running in development mode and listening on port http://:9006"}
{"label":"Spare Spart api logs","level":"debug","message":"Spare Part Database Service: Running in development mode and listening on port http://:9006"}
{"label":"Spare Spart api logs","level":"debug","message":"Spare Part Database Service: Running in development mode and listening on port http://:9006"}
{"label":"Spare Spart api logs","level":"debug","message":"Spare Part Database Service: Running in development mode and listening on port http://:9006"}
{"label":"Spare Spart api logs","level":"info","message":"Success"}
{"content_length":"402","label":"Spare Spart api logs","level":"http","message":"incoming-api-request","method":"GET","response_time":2431.505,"status":200,"url":"/spdatbaseservice/api/v1/user/by-id/4298e2e3-4215-4884-9bb1-3fc7d9695e49"}
{"label":"Spare Spart api logs","level":"info","message":"Success"}
{"content_length":"10158","label":"Spare Spart api logs","level":"http","message":"incoming-api-request","method":"GET","response_time":4551.082,"status":200,"url":"/spdatbaseservice/api/v1/order-request/user-active-requests/4298e2e3-4215-4884-9bb1-3fc7d9695e49"}
{"label":"Spare Spart api logs","level":"debug","message":"Spare Part Database Service: Running in development mode and listening on port http://:9006"}
{"label":"Spare Spart api logs","level":"debug","message":"Spare Part Database Service: Running in development mode and listening on port http://:9006"}
{"label":"Spare Spart api logs","level":"debug","message":"Spare Part Database Service: Running in development mode and listening on port http://:9006"}
{"label":"Spare Spart api logs","level":"debug","message":"Spare Part Database Service: Running in development mode and listening on port http://:9006"}
{"label":"Spare Spart api logs","level":"debug","message":"Spare Part Database Service: Running in development mode and listening on port http://:9006"}
{"label":"Spare Spart api logs","level":"info","message":"Success"}
{"content_length":"402","label":"Spare Spart api logs","level":"http","message":"incoming-api-request","method":"GET","response_time":1532.298,"status":200,"url":"/spdatbaseservice/api/v1/user/by-id/4298e2e3-4215-4884-9bb1-3fc7d9695e49"}
{"label":"Spare Spart api logs","level":"info","message":"Success"}
{"content_length":"10158","label":"Spare Spart api logs","level":"http","message":"incoming-api-request","method":"GET","response_time":4447.129,"status":200,"url":"/spdatbaseservice/api/v1/order-request/user-active-requests/4298e2e3-4215-4884-9bb1-3fc7d9695e49"}
{"label":"Spare Spart api logs","level":"info","message":"Success"}
{"content_length":"402","label":"Spare Spart api logs","level":"http","message":"incoming-api-request","method":"GET","response_time":1523.747,"status":200,"url":"/spdatbaseservice/api/v1/user/by-phone/233554340244"}
{"label":"Spare Spart api logs","level":"info","message":"Success"}
{"content_length":"402","label":"Spare Spart api logs","level":"http","message":"incoming-api-request","method":"GET","response_time":2449.026,"status":200,"url":"/spdatbaseservice/api/v1/user/by-id/4298e2e3-4215-4884-9bb1-3fc7d9695e49"}
{"label":"Spare Spart api logs","level":"info","message":"Success"}
{"content_length":"10158","label":"Spare Spart api logs","level":"http","message":"incoming-api-request","method":"GET","response_time":4560.477,"status":200,"url":"/spdatbaseservice/api/v1/order-request/user-active-requests/4298e2e3-4215-4884-9bb1-3fc7d9695e49"}
{"label":"Spare Spart api logs","level":"info","message":"Success"}
{"content_length":"402","label":"Spare Spart api logs","level":"http","message":"incoming-api-request","method":"GET","response_time":2249.905,"status":200,"url":"/spdatbaseservice/api/v1/user/by-phone/233554340244"}
{"label":"Spare Spart api logs","level":"info","message":"Success"}
{"content_length":"402","label":"Spare Spart api logs","level":"http","message":"incoming-api-request","method":"GET","response_time":1517.592,"status":200,"url":"/spdatbaseservice/api/v1/user/by-id/4298e2e3-4215-4884-9bb1-3fc7d9695e49"}
{"label":"Spare Spart api logs","level":"info","message":"Success"}
{"content_length":"10158","label":"Spare Spart api logs","level":"http","message":"incoming-api-request","method":"GET","response_time":4554.098,"status":200,"url":"/spdatbaseservice/api/v1/order-request/user-active-requests/4298e2e3-4215-4884-9bb1-3fc7d9695e49"}
{"label":"Spare Spart api logs","level":"info","message":"Success"}
{"content_length":"402","label":"Spare Spart api logs","level":"http","message":"incoming-api-request","method":"GET","response_time":2313.556,"status":200,"url":"/spdatbaseservice/api/v1/user/by-phone/233554340244"}
{"label":"Spare Spart api logs","level":"info","message":"Success"}
{"content_length":"402","label":"Spare Spart api logs","level":"http","message":"incoming-api-request","method":"GET","response_time":1555.024,"status":200,"url":"/spdatbaseservice/api/v1/user/by-id/4298e2e3-4215-4884-9bb1-3fc7d9695e49"}
{"label":"Spare Spart api logs","level":"info","message":"Success"}
{"content_length":"983","label":"Spare Spart api logs","level":"http","message":"incoming-api-request","method":"GET","response_time":2906.667,"status":200,"url":"/spdatbaseservice/api/v1/product/spare-part-details-by-code/6"}
{"label":"Spare Spart api logs","level":"info","message":"Success"}
{"content_length":"402","label":"Spare Spart api logs","level":"http","message":"incoming-api-request","method":"GET","response_time":1587.142,"status":200,"url":"/spdatbaseservice/api/v1/user/by-id/4298e2e3-4215-4884-9bb1-3fc7d9695e49"}
{"label":"Spare Spart api logs","level":"info","message":"Success"}
{"content_length":"381","label":"Spare Spart api logs","level":"http","message":"incoming-api-request","method":"GET","response_time":1539.098,"status":200,"url":"/spdatbaseservice/api/v1/product/spare-part-details/759b609f-14c6-44b2-8c65-fd18e0f789d3"}
{"label":"Spare Spart api logs","level":"info","message":"Success"}
{"content_length":"334","label":"Spare Spart api logs","level":"http","message":"incoming-api-request","method":"POST","response_time":1564.078,"status":200,"url":"/spdatbaseservice/api/v1/order-request/add"}
{"label":"Spare Spart api logs","level":"info","message":"Success"}
{"content_length":"2164","label":"Spare Spart api logs","level":"http","message":"incoming-api-request","method":"GET","response_time":2224.029,"status":200,"url":"/spdatbaseservice/api/v1//user/gopa_sellers"}
{"label":"Spare Spart api logs","level":"info","message":"Success"}
{"content_length":"51","label":"Spare Spart api logs","level":"http","message":"incoming-api-request","method":"POST","response_time":1830.284,"status":200,"url":"/spdatbaseservice/api/v1/bidding/add"}
{"label":"Spare Spart api logs","level":"info","message":"Success"}
{"content_length":"402","label":"Spare Spart api logs","level":"http","message":"incoming-api-request","method":"GET","response_time":1491.643,"status":200,"url":"/spdatbaseservice/api/v1/user/by-phone/233554340244"}
{"label":"Spare Spart api logs","level":"info","message":"Success"}
{"content_length":"402","label":"Spare Spart api logs","level":"http","message":"incoming-api-request","method":"GET","response_time":1486.065,"status":200,"url":"/spdatbaseservice/api/v1/user/by-id/4298e2e3-4215-4884-9bb1-3fc7d9695e49"}
{"label":"Spare Spart api logs","level":"info","message":"Success"}
{"content_length":"11422","label":"Spare Spart api logs","level":"http","message":"incoming-api-request","method":"GET","response_time":4384.974,"status":200,"url":"/spdatbaseservice/api/v1/order-request/user-active-requests/4298e2e3-4215-4884-9bb1-3fc7d9695e49"}
{"label":"Spare Spart api logs","level":"info","message":"Success"}
{"content_length":"402","label":"Spare Spart api logs","level":"http","message":"incoming-api-request","method":"GET","response_time":2284.446,"status":200,"url":"/spdatbaseservice/api/v1/user/by-phone/233554340244"}
{"label":"Spare Spart api logs","level":"info","message":"Success"}
{"content_length":"402","label":"Spare Spart api logs","level":"http","message":"incoming-api-request","method":"GET","response_time":2281.178,"status":200,"url":"/spdatbaseservice/api/v1/user/by-phone/233554340244"}
{"label":"Spare Spart api logs","level":"info","message":"Success"}
{"content_length":"402","label":"Spare Spart api logs","level":"http","message":"incoming-api-request","method":"GET","response_time":1481.716,"status":200,"url":"/spdatbaseservice/api/v1/user/by-id/4298e2e3-4215-4884-9bb1-3fc7d9695e49"}
{"label":"Spare Spart api logs","level":"info","message":"Success"}
{"content_length":"11422","label":"Spare Spart api logs","level":"http","message":"incoming-api-request","method":"GET","response_time":4507.436,"status":200,"url":"/spdatbaseservice/api/v1/order-request/user-active-requests/4298e2e3-4215-4884-9bb1-3fc7d9695e49"}
{"label":"Spare Spart api logs","level":"info","message":"Success"}
{"content_length":"402","label":"Spare Spart api logs","level":"http","message":"incoming-api-request","method":"GET","response_time":1623.281,"status":200,"url":"/spdatbaseservice/api/v1/user/by-phone/233554340244"}
{"label":"Spare Spart api logs","level":"info","message":"Success"}
{"content_length":"402","label":"Spare Spart api logs","level":"http","message":"incoming-api-request","method":"GET","response_time":1527.96,"status":200,"url":"/spdatbaseservice/api/v1/user/by-id/4298e2e3-4215-4884-9bb1-3fc7d9695e49"}
{"label":"Spare Spart api logs","level":"info","message":"Success"}
{"content_length":"11422","label":"Spare Spart api logs","level":"http","message":"incoming-api-request","method":"GET","response_time":4548.704,"status":200,"url":"/spdatbaseservice/api/v1/order-request/user-active-requests/4298e2e3-4215-4884-9bb1-3fc7d9695e49"}
{"label":"Spare Spart api logs","level":"info","message":"Success"}
{"content_length":"402","label":"Spare Spart api logs","level":"http","message":"incoming-api-request","method":"GET","response_time":2562.497,"status":200,"url":"/spdatbaseservice/api/v1/user/by-phone/233554340244"}
{"label":"Spare Spart api logs","level":"info","message":"Success"}
{"content_length":"402","label":"Spare Spart api logs","level":"http","message":"incoming-api-request","method":"GET","response_time":1543.41,"status":200,"url":"/spdatbaseservice/api/v1/user/by-id/4298e2e3-4215-4884-9bb1-3fc7d9695e49"}
{"label":"Spare Spart api logs","level":"info","message":"Success"}
{"content_length":"11422","label":"Spare Spart api logs","level":"http","message":"incoming-api-request","method":"GET","response_time":4443.873,"status":200,"url":"/spdatbaseservice/api/v1/order-request/user-active-requests/4298e2e3-4215-4884-9bb1-3fc7d9695e49"}
{"label":"Spare Spart api logs","level":"info","message":"Success"}
{"content_length":"402","label":"Spare Spart api logs","level":"http","message":"incoming-api-request","method":"GET","response_time":2465.306,"status":200,"url":"/spdatbaseservice/api/v1/user/by-id/4298e2e3-4215-4884-9bb1-3fc7d9695e49"}
{"label":"Spare Spart api logs","level":"info","message":"Success"}
{"content_length":"543","label":"Spare Spart api logs","level":"http","message":"incoming-api-request","method":"GET","response_time":1504.92,"status":200,"url":"/spdatbaseservice/api/v1/bidding/details/e922f10b-d69c-4eac-b53c-716910eb4ebf"}
{"label":"Spare Spart api logs","level":"info","message":"Success"}
{"content_length":"248","label":"Spare Spart api logs","level":"http","message":"incoming-api-request","method":"POST","response_time":1538.33,"status":200,"url":"/spdatbaseservice/api/v1/cart/add"}
{"label":"Spare Spart api logs","level":"info","message":"Success"}
{"content_length":"402","label":"Spare Spart api logs","level":"http","message":"incoming-api-request","method":"GET","response_time":1526.352,"status":200,"url":"/spdatbaseservice/api/v1/user/by-phone/233554340244"}
{"label":"Spare Spart api logs","level":"info","message":"Success"}
{"content_length":"402","label":"Spare Spart api logs","level":"http","message":"incoming-api-request","method":"GET","response_time":1506.142,"status":200,"url":"/spdatbaseservice/api/v1/user/by-id/4298e2e3-4215-4884-9bb1-3fc7d9695e49"}
{"label":"Spare Spart api logs","level":"info","message":"Success"}
{"content_length":"11422","label":"Spare Spart api logs","level":"http","message":"incoming-api-request","method":"GET","response_time":4565.911,"status":200,"url":"/spdatbaseservice/api/v1/order-request/user-active-requests/4298e2e3-4215-4884-9bb1-3fc7d9695e49"}
{"label":"Spare Spart api logs","level":"info","message":"Success"}
{"content_length":"402","label":"Spare Spart api logs","level":"http","message":"incoming-api-request","method":"GET","response_time":1491.191,"status":200,"url":"/spdatbaseservice/api/v1/user/by-id/4298e2e3-4215-4884-9bb1-3fc7d9695e49"}
